RELEASE GATE
check_no_pyc: PASS rc=0 dur=0.024s log=artifacts/proof/current/check_no_pyc.log
check_false_claims: PASS rc=0 dur=2.087s log=artifacts/proof/current/check_false_claims.log
check_external_boundaries: PASS rc=0 dur=0.663s log=artifacts/proof/current/check_external_boundaries.log
backend_compile: PASS rc=0 dur=0.115s log=artifacts/proof/current/backend_compile.log
backend_pytest: PASS rc=0 dur=29.834s log=artifacts/proof/current/backend_pytest.log
check_migrations: PASS rc=0 dur=1.045s log=artifacts/proof/current/check_migrations.log
postgis_proof: FAIL rc=124 dur=180.009s log=artifacts/proof/current/postgis_proof.log
validate_sources: PASS rc=0 dur=0.499s log=artifacts/proof/current/validate_sources.log
prepare_proof_db: PASS rc=0 dur=1.181s log=artifacts/proof/current/prepare_proof_db.log
verify_evidence_store: PASS rc=0 dur=0.36s log=artifacts/proof/current/verify_evidence_store.log
verify_audit_chain: PASS rc=0 dur=0.352s log=artifacts/proof/current/verify_audit_chain.log
auth_mutation_route_coverage: PASS rc=0 dur=1.545s log=artifacts/proof/current/auth_mutation_route_coverage.log
mutation_fail_closed_coverage: PASS rc=0 dur=1.312s log=artifacts/proof/current/mutation_fail_closed_coverage.log
frontend_install: PASS rc=0 dur=8.832s log=artifacts/proof/current/frontend_install.log
frontend_lint: PASS rc=0 dur=1.858s log=artifacts/proof/current/frontend_lint.log
frontend_typecheck: PASS rc=0 dur=0.924s log=artifacts/proof/current/frontend_typecheck.log
frontend_contracts: PASS rc=0 dur=0.849s log=artifacts/proof/current/frontend_contracts.log
frontend_build: PASS rc=0 dur=8.762s log=artifacts/proof/current/frontend_build.log
check_api_contracts: PASS rc=0 dur=2.432s log=artifacts/proof/current/check_api_contracts.log
repo_generated_files: PASS rc=0 dur=0.043s log=artifacts/proof/current/repo_generated_files.log
check_npm_audit_triage: PASS rc=0 dur=1.517s log=artifacts/proof/current/check_npm_audit_triage.log
map_route_check: PASS rc=0 dur=1.364s log=artifacts/proof/current/map_route_check.log
public_api_boundary: PASS rc=0 dur=2.801s log=artifacts/proof/current/public_api_boundary.log
alpha_gate_passed=false
