=== current release gate ===
{
  "generated_at": "2026-05-10T09:03:18.052917+00:00",
  "alpha_gate_passed": false,
  "git_commit": "unknown",
  "python_version": "3.11.7",
  "gate_runner_python_version": "3.11.7",
  "gate_runner_python_executable": "/Users/dawsonblock/Downloads/THE-JUDGE-main/JUDGE-main/backend/.venv/bin/python",
  "backend_test_python_version": "3.11.7",
  "backend_test_python_executable": "/Users/dawsonblock/Downloads/THE-JUDGE-main/JUDGE-main/backend/.venv/bin/python",
  "node_version": "v24.15.0",
  "npm_version": "11.12.1",
  "test_database_backend": "sqlite",
  "test_database_url_type": "sqlite_file",
  "platform": "macOS-26.2-arm64-arm-64bit",
  "checks": [
    {
      "name": "check_no_pyc",
      "command": "bash scripts/check_no_pyc.sh",
      "status": "PASS",
      "exit_code": 0,
      "duration_seconds": 0.018,
      "log_path": "artifacts/proof/current/check_no_pyc.log"
    },
    {
      "name": "check_false_claims",
      "command": "/Users/dawsonblock/Downloads/THE-JUDGE-main/JUDGE-main/backend/.venv/bin/python scripts/check_false_claims.py",
      "status": "PASS",
      "exit_code": 0,
      "duration_seconds": 2.249,
      "log_path": "artifacts/proof/current/check_false_claims.log"
    },
    {
      "name": "check_external_boundaries",
      "command": "/Users/dawsonblock/Downloads/THE-JUDGE-main/JUDGE-main/backend/.venv/bin/python scripts/check_external_boundaries.py",
      "status": "PASS",
      "exit_code": 0,
      "duration_seconds": 0.607,
      "log_path": "artifacts/proof/current/check_external_boundaries.log"
    },
    {
      "name": "backend_compile",
      "command": "/Users/dawsonblock/Downloads/THE-JUDGE-main/JUDGE-main/backend/.venv/bin/python -m compileall -q backend/app backend/tools",
      "status": "PASS",
      "exit_code": 0,
      "duration_seconds": 0.109,
      "log_path": "artifacts/proof/current/backend_compile.log"
    },
    {
      "name": "backend_pytest",
      "command": "bash -lc JTA_DATABASE_URL=\"sqlite:////Users/dawsonblock/Downloads/THE-JUDGE-main/JUDGE-main/artifacts/proof/current/proof.db\" /Users/dawsonblock/Downloads/THE-JUDGE-main/JUDGE-main/backend/.venv/bin/python -m pytest backend/app/tests -x --tb=short -q",
      "status": "PASS",
      "exit_code": 0,
      "duration_seconds": 28.065,
      "log_path": "artifacts/proof/current/backend_pytest.log"
    },
    {
      "name": "check_migrations",
      "command": "/Users/dawsonblock/Downloads/THE-JUDGE-main/JUDGE-main/backend/.venv/bin/python backend/tools/check_migrations.py",
      "status": "PASS",
      "exit_code": 0,
      "duration_seconds": 0.892,
      "log_path": "artifacts/proof/current/check_migrations.log"
    },
    {
      "name": "docker_runtime_preflight",
      "command": "bash scripts/check_docker_runtime.sh",
      "status": "FAIL",
      "exit_code": 1,
      "duration_seconds": 20.18,
      "log_path": "artifacts/proof/current/docker_runtime_preflight.log"
    },
    {
      "name": "postgis_proof",
      "command": "bash -lc bash scripts/proof_postgis.sh && cp artifacts/proof/postgis_proof.log artifacts/proof/current/postgis_proof.log",
      "status": "FAIL",
      "exit_code": 1,
      "duration_seconds": 40.238,
      "log_path": "artifacts/proof/current/postgis_proof.log"
    },
    {
      "name": "validate_sources",
      "command": "/Users/dawsonblock/Downloads/THE-JUDGE-main/JUDGE-main/backend/.venv/bin/python backend/tools/validate_sources.py",
      "status": "PASS",
      "exit_code": 0,
      "duration_seconds": 0.502,
      "log_path": "artifacts/proof/current/validate_sources.log"
    },
    {
      "name": "prepare_proof_db",
      "command": "/Users/dawsonblock/Downloads/THE-JUDGE-main/JUDGE-main/backend/.venv/bin/python scripts/prepare_proof_db.py --proof-db /Users/dawsonblock/Downloads/THE-JUDGE-main/JUDGE-main/artifacts/proof/current/proof.db",
      "status": "PASS",
      "exit_code": 0,
      "duration_seconds": 1.032,
      "log_path": "artifacts/proof/current/prepare_proof_db.log"
    },
    {
      "name": "verify_evidence_store",
      "command": "bash -lc JTA_DATABASE_URL=\"sqlite:////Users/dawsonblock/Downloads/THE-JUDGE-main/JUDGE-main/artifacts/proof/current/proof.db\" /Users/dawsonblock/Downloads/THE-JUDGE-main/JUDGE-main/backend/.venv/bin/python backend/tools/verify_evidence_store.py",
      "status": "PASS",
      "exit_code": 0,
      "duration_seconds": 0.336,
      "log_path": "artifacts/proof/current/verify_evidence_store.log"
    },
    {
      "name": "verify_audit_chain",
      "command": "bash -lc JTA_DATABASE_URL=\"sqlite:////Users/dawsonblock/Downloads/THE-JUDGE-main/JUDGE-main/artifacts/proof/current/proof.db\" /Users/dawsonblock/Downloads/THE-JUDGE-main/JUDGE-main/backend/.venv/bin/python backend/tools/verify_audit_chain.py",
      "status": "PASS",
      "exit_code": 0,
      "duration_seconds": 0.322,
      "log_path": "artifacts/proof/current/verify_audit_chain.log"
    },
    {
      "name": "auth_mutation_route_coverage",
      "command": "/Users/dawsonblock/Downloads/THE-JUDGE-main/JUDGE-main/backend/.venv/bin/python -m pytest backend/app/tests/test_mutation_route_authority_coverage.py -q",
      "status": "PASS",
      "exit_code": 0,
      "duration_seconds": 1.429,
      "log_path": "artifacts/proof/current/auth_mutation_route_coverage.log"
    },
    {
      "name": "mutation_fail_closed_coverage",
      "command": "/Users/dawsonblock/Downloads/THE-JUDGE-main/JUDGE-main/backend/.venv/bin/python -m pytest backend/app/tests/test_mutation_fail_closed_coverage.py -q",
      "status": "PASS",
      "exit_code": 0,
      "duration_seconds": 1.214,
      "log_path": "artifacts/proof/current/mutation_fail_closed_coverage.log"
    },
    {
      "name": "frontend_install",
      "command": "npm ci --prefix /Users/dawsonblock/Downloads/THE-JUDGE-main/JUDGE-main/frontend",
      "status": "PASS",
      "exit_code": 0,
      "duration_seconds": 9.815,
      "log_path": "artifacts/proof/current/frontend_install.log"
    },
    {
      "name": "frontend_lint",
      "command": "npm run lint --prefix /Users/dawsonblock/Downloads/THE-JUDGE-main/JUDGE-main/frontend",
      "status": "PASS",
      "exit_code": 0,
      "duration_seconds": 1.727,
      "log_path": "artifacts/proof/current/frontend_lint.log"
    },
    {
      "name": "frontend_typecheck",
      "command": "npm run typecheck --prefix /Users/dawsonblock/Downloads/THE-JUDGE-main/JUDGE-main/frontend",
      "status": "PASS",
      "exit_code": 0,
      "duration_seconds": 0.89,
      "log_path": "artifacts/proof/current/frontend_typecheck.log"
    },
    {
      "name": "frontend_contracts",
      "command": "npm run test:contracts --prefix /Users/dawsonblock/Downloads/THE-JUDGE-main/JUDGE-main/frontend",
      "status": "PASS",
      "exit_code": 0,
      "duration_seconds": 0.813,
      "log_path": "artifacts/proof/current/frontend_contracts.log"
    },
    {
      "name": "frontend_build",
      "command": "npm run build --prefix /Users/dawsonblock/Downloads/THE-JUDGE-main/JUDGE-main/frontend",
      "status": "PASS",
      "exit_code": 0,
      "duration_seconds": 8.321,
      "log_path": "artifacts/proof/current/frontend_build.log"
    },
    {
      "name": "check_api_contracts",
      "command": "/Users/dawsonblock/Downloads/THE-JUDGE-main/JUDGE-main/backend/.venv/bin/python scripts/check_api_contracts.py",
      "status": "PASS",
      "exit_code": 0,
      "duration_seconds": 2.465,
      "log_path": "artifacts/proof/current/check_api_contracts.log"
    },
    {
      "name": "repo_generated_files",
      "command": "/Users/dawsonblock/Downloads/THE-JUDGE-main/JUDGE-main/backend/.venv/bin/python scripts/check_no_generated_files.py --root /Users/dawsonblock/Downloads/THE-JUDGE-main/JUDGE-main",
      "status": "PASS",
      "exit_code": 0,
      "duration_seconds": 0.041,
      "log_path": "artifacts/proof/current/repo_generated_files.log"
    },
    {
      "name": "check_npm_audit_triage",
      "command": "/Users/dawsonblock/Downloads/THE-JUDGE-main/JUDGE-main/backend/.venv/bin/python scripts/check_npm_audit_triage.py",
      "status": "PASS",
      "exit_code": 0,
      "duration_seconds": 1.123,
      "log_path": "artifacts/proof/current/check_npm_audit_triage.log"
    },
    {
      "name": "map_route_check",
      "command": "/Users/dawsonblock/Downloads/THE-JUDGE-main/JUDGE-main/backend/.venv/bin/python scripts/check_map_route.py",
      "status": "PASS",
      "exit_code": 0,
      "duration_seconds": 1.363,
      "log_path": "artifacts/proof/current/map_route_check.log"
    },
    {
      "name": "public_api_boundary",
      "command": "/Users/dawsonblock/Downloads/THE-JUDGE-main/JUDGE-main/backend/.venv/bin/python -m pytest backend/app/tests -k public_api -q",
      "status": "PASS",
      "exit_code": 0,
      "duration_seconds": 2.61,
      "log_path": "artifacts/proof/current/public_api_boundary.log"
    }
  ],
  "failed_checks": [
    "docker_runtime_preflight",
    "postgis_proof"
  ],
  "logs": {
    "check_no_pyc": "artifacts/proof/current/check_no_pyc.log",
    "check_false_claims": "artifacts/proof/current/check_false_claims.log",
    "check_external_boundaries": "artifacts/proof/current/check_external_boundaries.log",
    "backend_compile": "artifacts/proof/current/backend_compile.log",
    "backend_pytest": "artifacts/proof/current/backend_pytest.log",
    "check_migrations": "artifacts/proof/current/check_migrations.log",
    "docker_runtime_preflight": "artifacts/proof/current/docker_runtime_preflight.log",
    "postgis_proof": "artifacts/proof/current/postgis_proof.log",
    "validate_sources": "artifacts/proof/current/validate_sources.log",
    "prepare_proof_db": "artifacts/proof/current/prepare_proof_db.log",
    "verify_evidence_store": "artifacts/proof/current/verify_evidence_store.log",
    "verify_audit_chain": "artifacts/proof/current/verify_audit_chain.log",
    "auth_mutation_route_coverage": "artifacts/proof/current/auth_mutation_route_coverage.log",
    "mutation_fail_closed_coverage": "artifacts/proof/current/mutation_fail_closed_coverage.log",
    "frontend_install": "artifacts/proof/current/frontend_install.log",
    "frontend_lint": "artifacts/proof/current/frontend_lint.log",
    "frontend_typecheck": "artifacts/proof/current/frontend_typecheck.log",
    "frontend_contracts": "artifacts/proof/current/frontend_contracts.log",
    "frontend_build": "artifacts/proof/current/frontend_build.log",
    "check_api_contracts": "artifacts/proof/current/check_api_contracts.log",
    "repo_generated_files": "artifacts/proof/current/repo_generated_files.log",
    "check_npm_audit_triage": "artifacts/proof/current/check_npm_audit_triage.log",
    "map_route_check": "artifacts/proof/current/map_route_check.log",
    "public_api_boundary": "artifacts/proof/current/public_api_boundary.log",
    "release_gate": "artifacts/proof/current/release_gate.log"
  },
  "known_limitations": [
    "alpha gate only; not a production release gate",
    "AI outputs are reviewer assistance only \u2014 not determinations of guilt or legal conclusions",
    "external HTTP fetch results are not guaranteed current; system operates on cached snapshots",
    "no real-time alerting; proof artifacts must be regenerated manually after each code change"
  ],
  "release_blockers_remaining": [
    "docker_runtime_preflight",
    "postgis_proof"
  ]
}
=== docker preflight ===
[docker_runtime] Checking docker CLI availability...
[docker_runtime] PASS: docker CLI found
[docker_runtime] Running docker version...
[docker_runtime] ERROR: command timed out after 20s: docker version
[docker_runtime] ERROR: docker version failed
=== postgis proof ===
[proof_postgis] Log path: /Users/dawsonblock/Downloads/THE-JUDGE-main/JUDGE-main/scripts/../artifacts/proof/postgis_proof.log
[proof_postgis] PASS: script start
[proof_postgis] Docker preflight: checking docker CLI...
[proof_postgis] Docker preflight: docker version
[proof_postgis] ERROR: command timed out after 20s: docker version
[proof_postgis] ERROR: docker version failed
[proof_postgis] Cleanup: removing container 'judge_postgis_proof'
[proof_postgis] Cleanup: complete
=== stale manifest ===
{
  "generated_at": "2026-05-10T00:02:01.804908+00:00",
  "git_commit": "unknown",
  "repo_name": "JUDGE_ATLAS",
  "python_version": "3.9.7",
  "node_version": "v24.15.0",
  "npm_version": "11.12.1",
  "platform": "macOS-26.2-arm64-arm-64bit",
  "backend_test_command": "uv run --directory backend pytest -q",
  "frontend_build_command": "npm run build --prefix frontend",
  "migration_command": "python backend/tools/check_migrations.py",
  "source_validation_command": "python backend/tools/validate_sources.py",
  "evidence_verification_command": "python backend/tools/verify_evidence_store.py",
  "audit_verification_command": "python backend/tools/verify_audit_chain.py",
  "contract_validation_command": "python scripts/check_api_contracts.py",
  "release_gate_command": "python scripts/release_gate.py",
  "result": "pass",
  "logs": [
    "artifacts/proof/current/check_no_pyc.log",
    "artifacts/proof/current/check_false_claims.log",
    "artifacts/proof/current/check_external_boundaries.log",
    "artifacts/proof/current/prepare_proof_db.log",
    "artifacts/proof/current/validate_sources.log",
    "artifacts/proof/current/verify_evidence_store.log",
    "artifacts/proof/current/verify_audit_chain.log",
    "artifacts/proof/current/auth_mutation_route_coverage.log",
    "artifacts/proof/current/check_api_contracts.log",
    "artifacts/proof/current/check_migrations.log",
    "artifacts/proof/current/check_npm_audit_triage.log",
    "artifacts/proof/current/map_route_check.log",
    "artifacts/proof/current/public_api_boundary.log",
    "artifacts/proof/current/backend_compile.log",
    "artifacts/proof/current/backend_pytest.log",
    "artifacts/proof/current/frontend_install.log",
    "artifacts/proof/current/frontend_lint.log",
    "artifacts/proof/current/frontend_typecheck.log",
    "artifacts/proof/current/frontend_contracts.log",
    "artifacts/proof/current/frontend_build.log"
  ],
  "known_failures": [],
  "known_limitations": [
    "alpha gate only; not a production release gate"
  ]
}
=== stale proof summary ===
{
  "generated_at": "2026-05-10T00:02:01.804908+00:00",
  "repo_root": "/Users/dawsonblock/Downloads/THE-JUDGE-main/JUDGE-main",
  "steps": [
    {
      "name": "check_no_pyc",
      "command": "bash scripts/check_no_pyc.sh",
      "status": "PASS",
      "exit_code": 0,
      "duration_seconds": 0.027,
      "log_path": "artifacts/proof/current/check_no_pyc.log"
    },
    {
      "name": "check_false_claims",
      "command": "/Users/dawsonblock/Downloads/THE-JUDGE-main/JUDGE-main/backend/.venv/bin/python scripts/check_false_claims.py",
      "status": "PASS",
      "exit_code": 0,
      "duration_seconds": 1.857,
      "log_path": "artifacts/proof/current/check_false_claims.log"
    },
    {
      "name": "check_external_boundaries",
      "command": "/Users/dawsonblock/Downloads/THE-JUDGE-main/JUDGE-main/backend/.venv/bin/python scripts/check_external_boundaries.py",
      "status": "PASS",
      "exit_code": 0,
      "duration_seconds": 0.664,
      "log_path": "artifacts/proof/current/check_external_boundaries.log"
    },
    {
      "name": "prepare_proof_db",
      "command": "/Users/dawsonblock/Downloads/THE-JUDGE-main/JUDGE-main/backend/.venv/bin/python scripts/prepare_proof_db.py --proof-db /Users/dawsonblock/Downloads/THE-JUDGE-main/JUDGE-main/artifacts/proof/current/proof.db",
      "status": "PASS",
      "exit_code": 0,
      "duration_seconds": 1.224,
      "log_path": "artifacts/proof/current/prepare_proof_db.log"
    },
    {
      "name": "validate_sources",
      "command": "/Users/dawsonblock/Downloads/THE-JUDGE-main/JUDGE-main/backend/.venv/bin/python backend/tools/validate_sources.py",
      "status": "PASS",
      "exit_code": 0,
      "duration_seconds": 0.36,
      "log_path": "artifacts/proof/current/validate_sources.log"
    },
    {
      "name": "verify_evidence_store",
      "command": "bash -lc JTA_DATABASE_URL=\"sqlite:////Users/dawsonblock/Downloads/THE-JUDGE-main/JUDGE-main/artifacts/proof/current/proof.db\" /Users/dawsonblock/Downloads/THE-JUDGE-main/JUDGE-main/backend/.venv/bin/python backend/tools/verify_evidence_store.py",
      "status": "PASS",
      "exit_code": 0,
      "duration_seconds": 0.402,
      "log_path": "artifacts/proof/current/verify_evidence_store.log"
    },
    {
      "name": "verify_audit_chain",
      "command": "bash -lc JTA_DATABASE_URL=\"sqlite:////Users/dawsonblock/Downloads/THE-JUDGE-main/JUDGE-main/artifacts/proof/current/proof.db\" /Users/dawsonblock/Downloads/THE-JUDGE-main/JUDGE-main/backend/.venv/bin/python backend/tools/verify_audit_chain.py",
      "status": "PASS",
      "exit_code": 0,
      "duration_seconds": 0.403,
      "log_path": "artifacts/proof/current/verify_audit_chain.log"
    },
    {
      "name": "auth_mutation_route_coverage",
      "command": "/Users/dawsonblock/Downloads/THE-JUDGE-main/JUDGE-main/backend/.venv/bin/python -m pytest backend/app/tests/test_mutation_route_authority_coverage.py -q",
      "status": "PASS",
      "exit_code": 0,
      "duration_seconds": 1.571,
      "log_path": "artifacts/proof/current/auth_mutation_route_coverage.log"
    },
    {
      "name": "check_api_contracts",
      "command": "/Users/dawsonblock/Downloads/THE-JUDGE-main/JUDGE-main/backend/.venv/bin/python scripts/check_api_contracts.py",
      "status": "PASS",
      "exit_code": 0,
      "duration_seconds": 2.41,
      "log_path": "artifacts/proof/current/check_api_contracts.log"
    },
    {
      "name": "check_migrations",
      "command": "/Users/dawsonblock/Downloads/THE-JUDGE-main/JUDGE-main/backend/.venv/bin/python backend/tools/check_migrations.py",
      "status": "PASS",
      "exit_code": 0,
      "duration_seconds": 0.997,
      "log_path": "artifacts/proof/current/check_migrations.log"
    },
    {
      "name": "check_npm_audit_triage",
      "command": "/Users/dawsonblock/Downloads/THE-JUDGE-main/JUDGE-main/backend/.venv/bin/python scripts/check_npm_audit_triage.py",
      "status": "PASS",
      "exit_code": 0,
      "duration_seconds": 1.139,
      "log_path": "artifacts/proof/current/check_npm_audit_triage.log"
    },
    {
      "name": "map_route_check",
      "command": "/Users/dawsonblock/Downloads/THE-JUDGE-main/JUDGE-main/backend/.venv/bin/python scripts/check_map_route.py",
      "status": "PASS",
      "exit_code": 0,
      "duration_seconds": 1.41,
      "log_path": "artifacts/proof/current/map_route_check.log"
    },
    {
      "name": "public_api_boundary",
      "command": "/Users/dawsonblock/Downloads/THE-JUDGE-main/JUDGE-main/backend/.venv/bin/python -m pytest backend/app/tests -k public_api -q",
      "status": "PASS",
      "exit_code": 0,
      "duration_seconds": 2.727,
      "log_path": "artifacts/proof/current/public_api_boundary.log"
    },
    {
      "name": "backend_compile",
      "command": "/Users/dawsonblock/Downloads/THE-JUDGE-main/JUDGE-main/backend/.venv/bin/python -m compileall -q backend/app backend/tools",
      "status": "PASS",
      "exit_code": 0,
      "duration_seconds": 0.095,
      "log_path": "artifacts/proof/current/backend_compile.log"
    },
    {
      "name": "backend_pytest",
      "command": "bash -lc JTA_DATABASE_URL=\"sqlite:////Users/dawsonblock/Downloads/THE-JUDGE-main/JUDGE-main/artifacts/proof/current/proof.db\" uv run --directory \"/Users/dawsonblock/Downloads/THE-JUDGE-main/JUDGE-main/backend\" pytest app/tests -q",
      "status": "PASS",
      "exit_code": 0,
      "duration_seconds": 30.301,
      "log_path": "artifacts/proof/current/backend_pytest.log"
    },
    {
      "name": "frontend_install",
      "command": "npm ci --prefix /Users/dawsonblock/Downloads/THE-JUDGE-main/JUDGE-main/frontend",
      "status": "PASS",
      "exit_code": 0,
      "duration_seconds": 10.474,
      "log_path": "artifacts/proof/current/frontend_install.log"
    },
    {
      "name": "frontend_lint",
      "command": "npm run lint --prefix /Users/dawsonblock/Downloads/THE-JUDGE-main/JUDGE-main/frontend",
      "status": "PASS",
      "exit_code": 0,
      "duration_seconds": 2.48,
      "log_path": "artifacts/proof/current/frontend_lint.log"
    },
    {
      "name": "frontend_typecheck",
      "command": "npm run typecheck --prefix /Users/dawsonblock/Downloads/THE-JUDGE-main/JUDGE-main/frontend",
      "status": "PASS",
      "exit_code": 0,
      "duration_seconds": 1.561,
      "log_path": "artifacts/proof/current/frontend_typecheck.log"
    },
    {
      "name": "frontend_contracts",
      "command": "npm run test:contracts --prefix /Users/dawsonblock/Downloads/THE-JUDGE-main/JUDGE-main/frontend",
      "status": "PASS",
      "exit_code": 0,
      "duration_seconds": 1.058,
      "log_path": "artifacts/proof/current/frontend_contracts.log"
    },
    {
      "name": "frontend_build",
      "command": "npm run build --prefix /Users/dawsonblock/Downloads/THE-JUDGE-main/JUDGE-main/frontend",
      "status": "PASS",
      "exit_code": 0,
      "duration_seconds": 10.38,
      "log_path": "artifacts/proof/current/frontend_build.log"
    }
  ],
  "ok": true,
  "missing_logs": []
}
=== environment info ===
OS=macOS-26.2-arm64-arm-64bit
Python=3.9.7
pip=pip 26.0.1 from /Users/dawsonblock/.pyenv/versions/3.9.7/lib/python3.9/site-packages/pip (python 3.9)
Node=v24.15.0
npm=11.12.1
WorkingDirectory=/Users/dawsonblock/Downloads/THE-JUDGE-main/JUDGE-main
JTA_APP_ENV=unset
JTA_DATABASE_URL=sqlite:////Users/dawsonblock/Downloads/THE-JUDGE-main/JUDGE-main/artifacts/proof/current/proof.db
JTA_JWT_AUTH_ENABLED=unset
JTA_ENABLE_LEGACY_ADMIN_TOKEN=unset
JTA_ENFORCE_JWT_MUTATIONS=unset
