STEP=frontend_contracts
STARTED_AT_UTC=2026-05-12T00:12:34Z
COMMAND=npm run test:contracts --prefix /Users/dawsonblock/Downloads/JUDGE_ATLAS-main-3/JUDGE-main/frontend


> judgetracker-atlas-frontend@0.1.0 test:contracts
> vitest run tests/contracts

[33mThe CJS build of Vite's Node API is deprecated. See https://vite.dev/guide/troubleshooting.html#vite-cjs-node-api-deprecated for more details.[39m

 RUN  v2.1.9 /Users/dawsonblock/Downloads/JUDGE_ATLAS-main-3/JUDGE-main/frontend

 ✓ tests/contracts/contracts_presence.test.ts (1 test) 2ms
 ✓ tests/contracts/contract_schema_headers.test.ts (7 tests) 6ms
 ✓ tests/contracts/reviewQueue.contract.test.ts (2 tests) 2ms
 ✓ tests/contracts/sourceRegistry.contract.test.ts (2 tests) 2ms
 ✓ tests/contracts/publicEntityDetail.contract.test.ts (2 tests) 2ms
 ✓ tests/contracts/errorResponse.contract.test.ts (3 tests) 3ms
 ✓ tests/contracts/evidenceSnapshot.contract.test.ts (2 tests) 3ms
 ✓ tests/contracts/publicMap.contract.test.ts (2 tests) 3ms
 ✓ tests/contracts/aiReviewResult.contract.test.ts (2 tests) 3ms

 Test Files  9 passed (9)
      Tests  23 passed (23)
   Start at  18:12:34
   Duration  366ms (transform 179ms, setup 0ms, collect 703ms, tests 26ms, environment 1ms, prepare 482ms)


ENDED_AT_UTC=2026-05-12T00:12:35Z
EXIT_CODE=0
