
> judgetracker-atlas-frontend@0.1.0 test:contracts
> vitest run tests/contracts tests/*.contract.test.ts

[33mThe CJS build of Vite's Node API is deprecated. See https://vite.dev/guide/troubleshooting.html#vite-cjs-node-api-deprecated for more details.[39m

 RUN  v2.1.9 /Users/dawsonblock/Downloads/JUDGE_ATLAS-main-3/JUDGE-main/frontend

 ✓ tests/contracts/contract_schema_headers.test.ts (7 tests) 4ms
 ✓ tests/source-registry.contract.test.ts (2 tests) 2ms
 ✓ tests/contracts/reviewQueue.contract.test.ts (2 tests) 2ms
 ✓ tests/review-flow.contract.test.ts (2 tests) 2ms
 ✓ tests/contracts/publicMap.contract.test.ts (2 tests) 3ms
 ✓ tests/contracts/publicEntityDetail.contract.test.ts (2 tests) 4ms
 ✓ tests/contracts/aiReviewResult.contract.test.ts (2 tests) 4ms
 ✓ tests/contracts/evidenceSnapshot.contract.test.ts (2 tests) 5ms
 ✓ tests/contracts/errorResponse.contract.test.ts (3 tests) 2ms
 ✓ tests/contracts/sourceRegistry.contract.test.ts (2 tests) 4ms
 ✓ tests/public-map.contract.test.ts (2 tests) 4ms
 ✓ tests/contracts/contracts_presence.test.ts (1 test) 1ms

 Test Files  12 passed (12)
      Tests  29 passed (29)
   Start at  02:01:37
   Duration  517ms (transform 277ms, setup 0ms, collect 765ms, tests 38ms, environment 1ms, prepare 1.13s)

