RELEASE GATE
check_no_pyc: PASS rc=0 dur=0.027s log=artifacts/proof/current/check_no_pyc.log
check_false_claims: PASS rc=0 dur=1.647s log=artifacts/proof/current/check_false_claims.log
check_source_keys: PASS rc=0 dur=0.22s log=artifacts/proof/current/check_source_keys.log
check_statuses: PASS rc=0 dur=0.194s log=artifacts/proof/current/check_statuses.log
check_no_direct_ingestion_network_clients: PASS rc=0 dur=0.285s log=artifacts/proof/current/check_no_direct_ingestion_network_clients.log
check_source_registry_docs: PASS rc=0 dur=0.621s log=artifacts/proof/current/check_source_registry_docs.log
check_external_boundaries: PASS rc=0 dur=0.658s log=artifacts/proof/current/check_external_boundaries.log
backend_compile: PASS rc=0 dur=0.079s log=artifacts/proof/current/backend_compile.log
backend_import: PASS rc=0 dur=0.67s log=artifacts/proof/current/backend_import.log
backend_pytest: PASS rc=0 dur=39.035s log=artifacts/proof/current/backend_pytest.log
check_migrations: PASS rc=0 dur=0.785s log=artifacts/proof/current/check_migrations.log
docker_runtime_preflight: PASS rc=0 dur=0.758s log=artifacts/proof/current/docker_runtime_preflight.log
postgis_proof: PASS rc=0 dur=13.424s log=artifacts/proof/current/postgis_proof.log
egress_proxy_proof: PASS rc=0 dur=5.375s log=artifacts/proof/current/egress_proxy_proof.log
demo_proof: PASS rc=0 dur=3.152s log=artifacts/proof/current/demo_proof.log
validate_sources: PASS rc=0 dur=0.285s log=artifacts/proof/current/validate_sources.log
source_registry_status: PASS rc=0 dur=0.497s log=artifacts/proof/current/source_registry_status.log
prepare_proof_db: PASS rc=0 dur=0.906s log=artifacts/proof/current/prepare_proof_db.log
verify_evidence_store: PASS rc=0 dur=0.317s log=artifacts/proof/current/verify_evidence_store.log
verify_audit_chain: PASS rc=0 dur=0.311s log=artifacts/proof/current/verify_audit_chain.log
auth_mutation_route_coverage: PASS rc=0 dur=1.18s log=artifacts/proof/current/auth_mutation_route_coverage.log
mutation_fail_closed_coverage: PASS rc=0 dur=1.157s log=artifacts/proof/current/mutation_fail_closed_coverage.log
frontend_node_gate: PASS rc=0 dur=0.1s log=artifacts/proof/current/frontend_node_gate.log
frontend_install: PASS rc=0 dur=10.141s log=artifacts/proof/current/frontend_install.log
frontend_lint: PASS rc=0 dur=1.544s log=artifacts/proof/current/frontend_lint.log
frontend_typecheck: PASS rc=0 dur=1.508s log=artifacts/proof/current/frontend_typecheck.log
frontend_contracts: PASS rc=0 dur=0.883s log=artifacts/proof/current/frontend_contracts.log
frontend_build: PASS rc=0 dur=9.696s log=artifacts/proof/current/frontend_build.log
check_api_contracts: PASS rc=0 dur=2.302s log=artifacts/proof/current/check_api_contracts.log
repo_generated_files: PASS rc=0 dur=0.044s log=artifacts/proof/current/repo_generated_files.log
check_npm_audit_triage: PASS rc=0 dur=1.35s log=artifacts/proof/current/check_npm_audit_triage.log
map_route_check: PASS rc=0 dur=1.14s log=artifacts/proof/current/map_route_check.log
public_api_boundary: PASS rc=0 dur=2.244s log=artifacts/proof/current/public_api_boundary.log
proof_freshness: PASS rc=0 dur=2.831s log=artifacts/proof/current/proof_freshness.log
alpha_gate_passed=false
