.............................................                            [100%]
=============================== warnings summary ===============================
backend/.venv/lib/python3.12/site-packages/passlib/utils/__init__.py:854
  /Users/dawsonblock/Downloads/JUDGE_ATLAS-main-3/JUDGE-main/backend/.venv/lib/python3.12/site-packages/passlib/utils/__init__.py:854: DeprecationWarning: 'crypt' is deprecated and slated for removal in Python 3.13
    from crypt import crypt as _crypt

app/tests/test_admin_security.py::TestAuditLogging::test_review_actions_need_audit_log
app/tests/test_admin_security.py::TestAuditLogging::test_admin_api_calls_need_audit_log
  /Users/dawsonblock/Downloads/JUDGE_ATLAS-main-3/JUDGE-main/backend/app/auth/admin.py:241: DeprecationWarning: Shared-token admin authentication is deprecated and will be removed. Migrate to JWT authentication.
    actor = require_admin_token(x_jta_admin_token, authorization)

app/tests/test_admin_security.py::TestAdminActorIdentity::test_require_admin_token_returns_admin_actor
  /Users/dawsonblock/Downloads/JUDGE_ATLAS-main-3/JUDGE-main/backend/app/tests/test_admin_security.py:246: DeprecationWarning: Shared-token admin authentication is deprecated and will be removed. Migrate to JWT authentication.
    else require_admin_token(x_jta_admin_token="test-secret-token")

app/tests/test_admin_security.py::TestAdminActorIdentity::test_actor_id_is_not_raw_token
  /Users/dawsonblock/Downloads/JUDGE_ATLAS-main-3/JUDGE-main/backend/app/tests/test_admin_security.py:266: DeprecationWarning: Shared-token admin authentication is deprecated and will be removed. Migrate to JWT authentication.
    actor = require_admin_token(x_jta_admin_token="super-secret-value-12345")

app/tests/test_admin_security.py::TestAdminActorIdentity::test_actor_id_is_stable_label
  /Users/dawsonblock/Downloads/JUDGE_ATLAS-main-3/JUDGE-main/backend/app/tests/test_admin_security.py:350: DeprecationWarning: Shared-token admin authentication is deprecated and will be removed. Migrate to JWT authentication.
    actor = require_admin_token(x_jta_admin_token="token-abc")

-- Docs: https://docs.pytest.org/en/stable/how-to/capture-warnings.html
45 passed, 6 warnings in 4.82s
GROUP=auth_rbac
COMMAND=/Users/dawsonblock/Downloads/JUDGE_ATLAS-main-3/JUDGE-main/backend/.venv/bin/python -m pytest backend/app/tests/test_auth_session.py backend/app/tests/test_admin_security.py backend/app/tests/test_legacy_admin_token_gate.py backend/app/tests/test_admin_imports_returns_actor.py backend/app/tests/test_admin_ingest_requires_source_admin.py -q

