==> Artifacts: /Users/dawsonblock/Downloads/THE-JUDGE-main/JUDGE-main/artifacts/proof/enforcement-20260508-181410
==> CHECK: compile
  PASS: compile
==> CHECK: no-direct-ingestion-network-clients
  PASS: no-direct-ingestion-network-clients
==> CHECK: repo-boundary-enforcement
  PASS: repo-boundary-enforcement
==> CHECK: no-pyc
  PASS: no-pyc
==> CHECK: no-legacy-token
  PASS: no-legacy-token
==> CHECK: check-statuses
  PASS: check-statuses
==> CHECK: check-source-keys
  PASS: check-source-keys
==> CHECK: truth-claims
  PASS: truth-claims
==> SKIP (no venv): backend-tests
  SKIP: backend-tests (venv absent — install backend/.venv to run)
==> Summary written: /Users/dawsonblock/Downloads/THE-JUDGE-main/JUDGE-main/artifacts/proof/enforcement-20260508-181410/SUMMARY.md
