[BASELINE] started_at=2026-05-12T00:05:05Z
[BASELINE] STEP=backend_compile
[BASELINE] CMD=python -m compileall -q app
[BASELINE] EXIT_CODE=0

[BASELINE] STEP=backend_import
[BASELINE] CMD=python scripts/proof_backend_import.py
proof_backend_import: importing app.main ...
proof_backend_import: app has 103 routes
PASS: backend import OK (103 routes)
[BASELINE] EXIT_CODE=0

[BASELINE] STEP=backend_alembic_sqlite
[BASELINE] CMD=JTA_DATABASE_URL=sqlite:////tmp/judge_alembic_test.db python -m alembic upgrade head
INFO  [alembic.runtime.migration] Context impl SQLiteImpl.
INFO  [alembic.runtime.migration] Will assume non-transactional DDL.
INFO  [alembic.runtime.migration] Running upgrade  -> initial, Initial schema migration — matches ORM in app/models/entities.py exactly.
INFO  [alembic.runtime.migration] Running upgrade initial -> add_incident_link_tables, Add crime_incident_sources and crime_incident_event_links tables.
INFO  [alembic.runtime.migration] Running upgrade add_incident_link_tables -> add_boundaries_table, Add boundaries table for Natural Earth administrative data.
INFO  [alembic.runtime.migration] Running upgrade add_boundaries_table -> 20260428_0003, add ai_correctness_checks and ai_correctness_findings tables
INFO  [alembic.runtime.migration] Running upgrade 20260428_0003 -> 20260428_0004, add courtlistener_bulk_runs table
INFO  [alembic.runtime.migration] Running upgrade 20260428_0004 -> 20260428_0005, Add cl_person_id, cl_bulk_provenance table, cl_provenance JSON cols, is_aggregate.
INFO  [alembic.runtime.migration] Running upgrade 20260428_0005 -> 20260429_0006, Add PostGIS geometry column to locations table.
INFO  [alembic.runtime.migration] Running upgrade 20260429_0006 -> 20260430_0007, Add source snapshots table for content archival and provenance.
INFO  [alembic.runtime.migration] Running upgrade 20260430_0007 -> 20260430_0008, Add source registry table for source management and health tracking.
INFO  [alembic.runtime.migration] Running upgrade 20260430_0008 -> 20260430_0009, Add source_snapshot_id foreign key to review_items.
INFO  [alembic.runtime.migration] Running upgrade 20260430_0009 -> 20260501_0001, Add relationship_evidence table
INFO  [alembic.runtime.migration] Running upgrade 20260501_0001 -> 20260501_0002, Add canonical_entities and entity_source_records tables
INFO  [alembic.runtime.migration] Running upgrade 20260501_0002 -> 20260501_0003, Add source registry operational fields
INFO  [alembic.runtime.migration] Running upgrade 20260501_0003 -> 20260501_0004, Add graph layer: entity_graph_edges and court_events tables
INFO  [alembic.runtime.migration] Running upgrade 20260501_0004 -> 20260501_0005, Add CrimeIncident timeline fields
INFO  [alembic.runtime.migration] Running upgrade 20260501_0005 -> 20260501_0006, Add ingestion_run_id to SourceSnapshot and ReviewItem.
INFO  [alembic.runtime.migration] Running upgrade 20260501_0006 -> 20260501_0007, Add source_tier to SourceRegistry.
INFO  [alembic.runtime.migration] Running upgrade 20260501_0007 -> 20260501_0008, Add unique constraint to relationship_evidence table.
INFO  [alembic.runtime.migration] Running upgrade 20260501_0008 -> 20260501_0009, Add unique constraint to entity_graph_edges table.
INFO  [alembic.runtime.migration] Running upgrade 20260501_0009 -> 20260502_0001, Add snapshot integrity fields to source_snapshots table.
INFO  [alembic.runtime.migration] Running upgrade 20260502_0001 -> 20260502_0002, Add actor identity fields to audit_logs table.
INFO  [alembic.runtime.migration] Running upgrade 20260502_0002 -> 20260502_0003, Expand source_registry.source_type length.
INFO  [alembic.runtime.migration] Running upgrade 20260502_0003 -> 20260502_0004, Fix SourceRegistry.is_active server default to false.
INFO  [alembic.runtime.migration] Running upgrade 20260502_0004 -> 20260502_0005, Add Phase 6 Fluid Memory State Engine tables.
INFO  [alembic.runtime.migration] Running upgrade 20260502_0005 -> 20260502_0006, Add entity_evidence_links table.
INFO  [alembic.runtime.migration] Running upgrade 20260502_0006 -> 20260502_0007, add memory claim lifecycle fields
INFO  [alembic.runtime.migration] Running upgrade 20260502_0007 -> 20260502_0008, add confidence_score to canonical_entities and source_key to source_snapshots
INFO  [alembic.runtime.migration] Running upgrade 20260502_0008 -> 20260502_0009, Add rebuild_reason to memory_rebuild_runs and public_visibility to review_items
INFO  [alembic.runtime.migration] Running upgrade 20260502_0009 -> 20260503_0001, Add users table for JWT-based authentication.
INFO  [alembic.runtime.migration] Running upgrade 20260503_0001 -> 20260503_0002, Add public_visibility, verification_status, relationship_status, auto_publish_reason to relationship_evidence.
INFO  [alembic.runtime.migration] Running upgrade 20260503_0002 -> 20260503_0003, Add claim_embedding column to memory_claims.
INFO  [alembic.runtime.migration] Running upgrade 20260503_0003 -> 20260504_0001, Add reliability_score column to source_registry.
INFO  [alembic.runtime.migration] Running upgrade 20260504_0001 -> 20260504_0002, Add source_tier_conflicts table.
INFO  [alembic.runtime.migration] Running upgrade 20260504_0002 -> 20260504_0003, Add chain_of_custody_logs table for evidence provenance tracking.
INFO  [alembic.runtime.migration] Running upgrade 20260504_0003 -> 20260504_0008, Add pipeline_stage and quarantine_reason to ingestion_runs.
INFO  [alembic.runtime.migration] Running upgrade 20260504_0008 -> 20260504_0009, Remove dead models: topics and event_topics tables.
INFO  [alembic.runtime.migration] Running upgrade 20260504_0009 -> 20260504_0010, Add source_snapshot_id FK to crime_incidents table.
INFO  [alembic.runtime.migration] Running upgrade 20260504_0010 -> 20260504_0011, add source registry metadata fields
INFO  [alembic.runtime.migration] Running upgrade 20260504_0011 -> 20260505_0001, Add CheckConstraint on memory_rebuild_runs.rebuild_scope.
INFO  [alembic.runtime.migration] Running upgrade 20260505_0001 -> 20260506_0001, Add source_class column to source_registry.
INFO  [alembic.runtime.migration] Running upgrade 20260506_0001 -> 20260507_0001, Add user_sessions table for server-side refresh token revocation.
INFO  [alembic.runtime.migration] Running upgrade 20260507_0001 -> 20260508_0001, Add automation_status column to source_registry.
INFO  [alembic.runtime.migration] Running upgrade 20260508_0001 -> 20260509_0001, Add entry_hash and previous_entry_hash to audit_logs for persisted chain integrity.
INFO  [alembic.runtime.migration] Running upgrade 20260509_0001 -> 20260509_0002, Complete audit-chain hash fields: add payload_hash, before_hash, after_hash,
chain_version, and actor_auth_method to audit_logs.
INFO  [alembic.runtime.migration] Running upgrade 20260509_0002 -> 20260511_0001, Add legal_instruments and legal_sections tables.
[BASELINE] EXIT_CODE=0

[BASELINE] STEP=backend_boundary
[BASELINE] CMD=python scripts/check_repo_boundaries.py
OK: 2 experimental package(s) have NOT_RUNTIME sentinel.
OK: No unauthorised runtime imports from experimental packages.
OK: No imports from external sub-repo packages found.
[BASELINE] EXIT_CODE=0

[BASELINE] STEP=baseline_source_registry_export
[BASELINE] CMD=python scripts/export_source_registry_status.py --output ../artifacts/proof/baseline_source_registry_status.json
/Users/dawsonblock/.pyenv/versions/3.11.7/bin/python: can't open file '/Users/dawsonblock/Downloads/JUDGE_ATLAS-main-3/JUDGE-main/backend/scripts/export_source_registry_status.py': [Errno 2] No such file or directory
[BASELINE] EXIT_CODE=2

[BASELINE] STEP=backend_targeted_tests
[BASELINE] CMD=PYTHONDONTWRITEBYTECODE=1 PYTHONPATH=. python -m pytest -q app/tests/test_justice_laws_xml.py app/tests/test_justice_laws_phase4.py app/tests/test_source_registry_contracts.py app/tests/test_source_registry_canada.py app/tests/test_source_adapter_api_keys.py app/tests/test_source_enablement_gates.py app/tests/test_source_run_failure_persistence.py app/tests/test_public_visibility_gates.py app/tests/test_memory_public_boundary.py app/tests/test_memory_rebuild.py app/tests/test_evidence_store.py app/tests/test_evidence_vault.py
........................................................................ [ 55%]
.........................................................                [100%]
=============================== warnings summary ===============================
../../../../.pyenv/versions/3.11.7/lib/python3.11/site-packages/passlib/utils/__init__.py:854
  /Users/dawsonblock/.pyenv/versions/3.11.7/lib/python3.11/site-packages/passlib/utils/__init__.py:854: DeprecationWarning: 'crypt' is deprecated and slated for removal in Python 3.13
    from crypt import crypt as _crypt

-- Docs: https://docs.pytest.org/en/stable/how-to/capture-warnings.html
129 passed, 1 warning in 1.11s
[BASELINE] EXIT_CODE=0

[BASELINE] STEP=frontend_node_version
[BASELINE] CMD=node -v
v24.15.0
[BASELINE] EXIT_CODE=0

[BASELINE] STEP=frontend_npm_version
[BASELINE] CMD=npm -v
11.12.1
[BASELINE] EXIT_CODE=0

[BASELINE] STEP=frontend_npm_ci
[BASELINE] CMD=npm ci
npm warn deprecated inflight@1.0.6: This module is not supported, and leaks memory. Do not use it. Check out lru-cache if you want a good and tested way to coalesce async requests by a key value, which is much more comprehensive and powerful.
npm warn deprecated @humanwhocodes/config-array@0.13.0: Use @eslint/config-array instead
npm warn deprecated rimraf@3.0.2: Rimraf versions prior to v4 are no longer supported
npm warn deprecated glob@7.2.3: Old versions of glob are not supported, and contain widely publicized security vulnerabilities, which have been fixed in the current version. Please update. Support for old versions may be purchased (at exorbitant rates) by contacting i@izs.me
npm warn deprecated @humanwhocodes/object-schema@2.0.3: Use @eslint/object-schema instead
npm warn deprecated glob@10.3.10: Old versions of glob are not supported, and contain widely publicized security vulnerabilities, which have been fixed in the current version. Please update. Support for old versions may be purchased (at exorbitant rates) by contacting i@izs.me
npm warn deprecated eslint@8.57.1: This version is no longer supported. Please see https://eslint.org/version-support for other options.

added 559 packages, and audited 560 packages in 10s

173 packages are looking for funding
  run `npm fund` for details

10 vulnerabilities (6 moderate, 4 high)

To address all issues (including breaking changes), run:
  npm audit fix --force

Run `npm audit` for details.
[BASELINE] EXIT_CODE=0

[BASELINE] STEP=frontend_typecheck
[BASELINE] CMD=npm run typecheck

> judgetracker-atlas-frontend@0.1.0 typecheck
> tsc --noEmit

[BASELINE] EXIT_CODE=0

[BASELINE] STEP=frontend_contracts
[BASELINE] CMD=npm run test:contracts

> judgetracker-atlas-frontend@0.1.0 test:contracts
> vitest run tests/contracts

[33mThe CJS build of Vite's Node API is deprecated. See https://vite.dev/guide/troubleshooting.html#vite-cjs-node-api-deprecated for more details.[39m

 RUN  v2.1.9 /Users/dawsonblock/Downloads/JUDGE_ATLAS-main-3/JUDGE-main/frontend

 ✓ tests/contracts/contracts_presence.test.ts (1 test) 1ms
 ✓ tests/contracts/contract_schema_headers.test.ts (7 tests) 4ms
 ✓ tests/contracts/publicEntityDetail.contract.test.ts (2 tests) 2ms
 ✓ tests/contracts/errorResponse.contract.test.ts (3 tests) 2ms
 ✓ tests/contracts/aiReviewResult.contract.test.ts (2 tests) 2ms
 ✓ tests/contracts/publicMap.contract.test.ts (2 tests) 2ms
 ✓ tests/contracts/sourceRegistry.contract.test.ts (2 tests) 2ms
 ✓ tests/contracts/evidenceSnapshot.contract.test.ts (2 tests) 3ms
 ✓ tests/contracts/reviewQueue.contract.test.ts (2 tests) 2ms

 Test Files  9 passed (9)
      Tests  23 passed (23)
   Start at  18:05:53
   Duration  621ms (transform 258ms, setup 0ms, collect 732ms, tests 19ms, environment 1ms, prepare 1.90s)

[BASELINE] EXIT_CODE=0

[BASELINE] STEP=frontend_lint
[BASELINE] CMD=npm run lint

> judgetracker-atlas-frontend@0.1.0 lint
> next lint

✔ No ESLint warnings or errors
[BASELINE] EXIT_CODE=0

[BASELINE] STEP=frontend_build
[BASELINE] CMD=npm run build

> judgetracker-atlas-frontend@0.1.0 build
> next build

  ▲ Next.js 14.2.35
  - Experiments (use with caution):
    · outputFileTracingRoot

   Creating an optimized production build ...
 ✓ Compiled successfully
   Linting and checking validity of types ...
   Collecting page data ...
   Generating static pages (0/20) ...
   Generating static pages (5/20) 
   Generating static pages (10/20) 
   Generating static pages (15/20) 
 ✓ Generating static pages (20/20)
   Finalizing page optimization ...
   Collecting build traces ...

Route (app)                                  Size     First Load JS
┌ ƒ /                                        186 B          96.2 kB
├ ○ /_not-found                              873 B          88.2 kB
├ ○ /admin/ai-checks                         949 B          97.1 kB
├ ƒ /admin/review                            150 B          87.5 kB
├ ƒ /admin/sources                           5.23 kB         101 kB
├ ƒ /api/admin/ingestion-runs                0 B                0 B
├ ƒ /api/admin/ingestion-runs/[runId]        0 B                0 B
├ ƒ /api/admin/ingestion-runs/[runId]/retry  0 B                0 B
├ ƒ /api/admin/sources                       0 B                0 B
├ ƒ /api/admin/sources/[sourceKey]/disable   0 B                0 B
├ ƒ /api/admin/sources/[sourceKey]/enable    0 B                0 B
├ ƒ /api/admin/sources/[sourceKey]/run       0 B                0 B
├ ƒ /api/auth/login                          0 B                0 B
├ ƒ /api/auth/logout                         0 B                0 B
├ ƒ /api/auth/refresh                        0 B                0 B
├ ƒ /cases                                   1.87 kB         107 kB
├ ƒ /cases/[id]                              186 B          96.2 kB
├ ƒ /dashboard                               186 B          96.2 kB
├ ○ /defendants                              150 B          87.5 kB
├ ƒ /defendants/[id]                         186 B          96.2 kB
├ ƒ /judges                                  1.86 kB         107 kB
├ ƒ /judges/[id]                             186 B          96.2 kB
├ ○ /login                                   1.21 kB        88.6 kB
├ ○ /map                                     150 B          87.5 kB
├ ○ /map-v2                                  219 kB          306 kB
└ ƒ /sources                                 150 B          87.5 kB
+ First Load JS shared by all                87.3 kB
  ├ chunks/117-607fd91aade7dcf6.js           31.7 kB
  ├ chunks/fd9d1056-9e191f0896c1d560.js      53.6 kB
  └ other shared chunks (total)              1.97 kB


ƒ Middleware                                 26.5 kB

○  (Static)   prerendered as static content
ƒ  (Dynamic)  server-rendered on demand

[BASELINE] EXIT_CODE=0

[BASELINE] STEP=baseline_source_registry_export_fallback
[BASELINE] CMD=PYTHONPATH=. python ../scripts/export_source_registry_status.py --output ../artifacts/proof/baseline_source_registry_status.json
SOURCE REGISTRY STATUS: PASS
output=/Users/dawsonblock/Downloads/JUDGE_ATLAS-main-3/JUDGE-main/artifacts/proof/baseline_source_registry_status.json
sources_checked=26
[BASELINE] EXIT_CODE=0

