STEP=frontend_contracts
STARTED_AT_UTC=2026-05-11T23:15:15Z
COMMAND=npm run test:contracts --prefix /Users/dawsonblock/Downloads/JUDGE_ATLAS-main-3/JUDGE-main/frontend


> judgetracker-atlas-frontend@0.1.0 test:contracts
> vitest run tests/contracts

[33mThe CJS build of Vite's Node API is deprecated. See https://vite.dev/guide/troubleshooting.html#vite-cjs-node-api-deprecated for more details.[39m

 RUN  v2.1.9 /Users/dawsonblock/Downloads/JUDGE_ATLAS-main-3/JUDGE-main/frontend

 ✓ tests/contracts/contracts_presence.test.ts (1 test) 1ms
 ✓ tests/contracts/contract_schema_headers.test.ts (7 tests) 4ms
 ✓ tests/contracts/publicEntityDetail.contract.test.ts (2 tests) 2ms
 ✓ tests/contracts/publicMap.contract.test.ts (2 tests) 2ms
 ✓ tests/contracts/reviewQueue.contract.test.ts (2 tests) 2ms
 ✓ tests/contracts/evidenceSnapshot.contract.test.ts (2 tests) 2ms
 ✓ tests/contracts/sourceRegistry.contract.test.ts (2 tests) 2ms
 ✓ tests/contracts/aiReviewResult.contract.test.ts (2 tests) 2ms
 ✓ tests/contracts/errorResponse.contract.test.ts (3 tests) 3ms

 Test Files  9 passed (9)
      Tests  23 passed (23)
   Start at  17:15:16
   Duration  280ms (transform 184ms, setup 0ms, collect 505ms, tests 20ms, environment 1ms, prepare 529ms)


ENDED_AT_UTC=2026-05-11T23:15:16Z
EXIT_CODE=0
