
> judgetracker-atlas-frontend@0.1.0 test:contracts
> vitest run tests/contracts tests/*.contract.test.ts

[33mThe CJS build of Vite's Node API is deprecated. See https://vite.dev/guide/troubleshooting.html#vite-cjs-node-api-deprecated for more details.[39m

 RUN  v2.1.9 /Users/dawsonblock/Downloads/JUDGE_ATLAS-main-3/JUDGE-main/frontend

 ✓ tests/admin-csrf.contract.test.ts (3 tests) 24ms
 ✓ tests/contracts/evidenceChat.contract.test.ts (2 tests) 4ms
 ✓ tests/review-flow.contract.test.ts (2 tests) 2ms
 ✓ tests/contracts/evidenceSnapshot.contract.test.ts (2 tests) 4ms
 ✓ tests/contracts/reviewQueue.contract.test.ts (2 tests) 2ms
 ✓ tests/contracts/publicMap.contract.test.ts (2 tests) 2ms
 ✓ tests/contracts/sourceRegistry.contract.test.ts (2 tests) 4ms
 ✓ tests/source-registry.contract.test.ts (2 tests) 2ms
 ✓ tests/contracts/publicEntityDetail.contract.test.ts (2 tests) 3ms
 ✓ tests/public-map.contract.test.ts (2 tests) 4ms
 ✓ tests/admin-source-mutation-proxy.contract.test.ts (4 tests) 23ms
 ✓ tests/contracts/contracts_presence.test.ts (1 test) 3ms
 ✓ tests/contracts/contract_schema_headers.test.ts (7 tests) 12ms
 ✓ tests/contracts/aiReviewResult.contract.test.ts (2 tests) 4ms
 ✓ tests/contracts/errorResponse.contract.test.ts (3 tests) 3ms

 Test Files  15 passed (15)
      Tests  38 passed (38)
   Start at  20:40:13
   Duration  1.10s (transform 586ms, setup 0ms, collect 1.89s, tests 96ms, environment 2ms, prepare 3.63s)

