==> Artifacts: /Users/dawsonblock/Downloads/THE-JUDGE-main/JUDGE-main/artifacts/proof/enforcement-20260508-175344
==> CHECK: compile
  PASS: compile
==> CHECK: no-direct-ingestion-network-clients
  PASS: no-direct-ingestion-network-clients
==> CHECK: repo-boundary-enforcement
  PASS: repo-boundary-enforcement
==> CHECK: no-pyc
  FAIL: no-pyc (exit 127)
==> CHECK: no-legacy-token
  FAIL: no-legacy-token (exit 2)
==> CHECK: check-statuses
  FAIL: check-statuses (exit 2)
==> CHECK: check-source-keys
  FAIL: check-source-keys (exit 2)
==> CHECK: truth-claims
  PASS: truth-claims
==> CHECK: backend-tests
  FAIL: backend-tests (exit 1)
==> Summary written: /Users/dawsonblock/Downloads/THE-JUDGE-main/JUDGE-main/artifacts/proof/enforcement-20260508-175344/SUMMARY.md
