
> judgetracker-atlas-frontend@0.1.0 test:contracts
> vitest run tests/contracts tests/*.contract.test.ts

[33mThe CJS build of Vite's Node API is deprecated. See https://vite.dev/guide/troubleshooting.html#vite-cjs-node-api-deprecated for more details.[39m

 RUN  v2.1.9 /Users/dawsonblock/Downloads/JUDGE_ATLAS-main-3/JUDGE-main/frontend

 ✓ tests/admin-csrf.contract.test.ts (3 tests) 19ms
 ✓ tests/contracts/evidenceChat.contract.test.ts (2 tests) 3ms
 ✓ tests/contracts/evidenceSnapshot.contract.test.ts (2 tests) 3ms
 ✓ tests/review-flow.contract.test.ts (2 tests) 2ms
 ✓ tests/public-map.contract.test.ts (2 tests) 5ms
 ✓ tests/source-registry.contract.test.ts (2 tests) 3ms
 ✓ tests/contracts/reviewQueue.contract.test.ts (2 tests) 6ms
 ✓ tests/contracts/publicEntityDetail.contract.test.ts (2 tests) 5ms
 ✓ tests/contracts/sourceRegistry.contract.test.ts (2 tests) 5ms
 ✓ tests/admin-source-mutation-proxy.contract.test.ts (4 tests) 17ms
 ✓ tests/contracts/publicMap.contract.test.ts (2 tests) 5ms
 ✓ tests/contracts/contract_schema_headers.test.ts (7 tests) 8ms
 ✓ tests/contracts/contracts_presence.test.ts (1 test) 2ms
 ✓ tests/contracts/aiReviewResult.contract.test.ts (2 tests) 2ms
 ✓ tests/contracts/errorResponse.contract.test.ts (3 tests) 5ms

 Test Files  15 passed (15)
      Tests  38 passed (38)
   Start at  20:55:46
   Duration  957ms (transform 403ms, setup 0ms, collect 1.66s, tests 90ms, environment 4ms, prepare 3.13s)

