........................F........FFF......................               [100%]
=================================== FAILURES ===================================
_______ TestEnableSourceClassPolicy.test_machine_ingest_enable_succeeds ________

self = <test_source_run_policy.TestEnableSourceClassPolicy object at 0x10dcfd940>

    def test_machine_ingest_enable_succeeds(self) -> None:
        src = _make_source(source_class="machine_ingest", is_active=False)
        with patch("app.api.routes.admin_sources.log_mutation"):
>           result = _enable(src)
                     ^^^^^^^^^^^^

backend/app/tests/test_source_run_policy.py:338: 
_ _ _ _ _ _ _ _ _ _ _ _ _ _ _ _ _ _ _ _ _ _ _ _ _ _ _ _ _ _ _ _ _ _ _ _ _ _ _ _ 
backend/app/tests/test_source_run_policy.py:304: in _enable
    return enable_source(
backend/app/api/routes/admin_sources.py:388: in enable_source
    return _to_source_response(source)
           ^^^^^^^^^^^^^^^^^^^^^^^^^^^
_ _ _ _ _ _ _ _ _ _ _ _ _ _ _ _ _ _ _ _ _ _ _ _ _ _ _ _ _ _ _ _ _ _ _ _ _ _ _ _ 

source = <MagicMock name='mock.query().filter().first()' id='4527955536'>

    def _to_source_response(source: SourceRegistry) -> SourceResponse:
        enable_blockers = _compute_enable_blockers(source)
>       payload = SourceResponse.model_validate(source).model_dump()
                  ^^^^^^^^^^^^^^^^^^^^^^^^^^^^^^^^^^^^^
E       pydantic_core._pydantic_core.ValidationError: 10 validation errors for SourceResponse
E       source_name
E         Input should be a valid string [type=string_type, input_value=<MagicMock name='mock.que...e_name' id='4527287200'>, input_type=MagicMock]
E           For further information visit https://errors.pydantic.dev/2.13/v/string_type
E       source_type
E         Input should be a valid string [type=string_type, input_value=<MagicMock name='mock.que...e_type' id='4521442432'>, input_type=MagicMock]
E           For further information visit https://errors.pydantic.dev/2.13/v/string_type
E       country
E         Input should be a valid string [type=string_type, input_value=<MagicMock name='mock.que...ountry' id='4526320160'>, input_type=MagicMock]
E           For further information visit https://errors.pydantic.dev/2.13/v/string_type
E       province_state
E         Input should be a valid string [type=string_type, input_value=<MagicMock name='mock.que..._state' id='4526314592'>, input_type=MagicMock]
E           For further information visit https://errors.pydantic.dev/2.13/v/string_type
E       city
E         Input should be a valid string [type=string_type, input_value=<MagicMock name='mock.que...).city' id='4526323856'>, input_type=MagicMock]
E           For further information visit https://errors.pydantic.dev/2.13/v/string_type
E       source_tier
E         Input should be a valid string [type=string_type, input_value=<MagicMock name='mock.que...e_tier' id='4526317424'>, input_type=MagicMock]
E           For further information visit https://errors.pydantic.dev/2.13/v/string_type
E       admin_notes
E         Input should be a valid string [type=string_type, input_value=<MagicMock name='mock.que..._notes' id='4527711408'>, input_type=MagicMock]
E           For further information visit https://errors.pydantic.dev/2.13/v/string_type
E       jurisdiction
E         Input should be a valid string [type=string_type, input_value=<MagicMock name='mock.que...iction' id='4527581632'>, input_type=MagicMock]
E           For further information visit https://errors.pydantic.dev/2.13/v/string_type
E       category
E         Input should be a valid string [type=string_type, input_value=<MagicMock name='mock.que...tegory' id='4527579376'>, input_type=MagicMock]
E           For further information visit https://errors.pydantic.dev/2.13/v/string_type
E       creates
E         Input should be a valid string [type=string_type, input_value=<MagicMock name='mock.que...reates' id='4527490016'>, input_type=MagicMock]
E           For further information visit https://errors.pydantic.dev/2.13/v/string_type

backend/app/api/routes/admin_sources.py:444: ValidationError
__ TestUpdateSourceClassPolicy.test_deactivate_non_machine_ingest_is_allowed ___

self = <test_source_run_policy.TestUpdateSourceClassPolicy object at 0x10dcced20>

    def test_deactivate_non_machine_ingest_is_allowed(self) -> None:
        """Disabling any source_class should always be permitted."""
        src = _make_source(source_class="portal_reference", is_active=True)
>       result = _patch_source(src, is_active=False)
                 ^^^^^^^^^^^^^^^^^^^^^^^^^^^^^^^^^^^

backend/app/tests/test_source_run_policy.py:451: 
_ _ _ _ _ _ _ _ _ _ _ _ _ _ _ _ _ _ _ _ _ _ _ _ _ _ _ _ _ _ _ _ _ _ _ _ _ _ _ _ 
backend/app/tests/test_source_run_policy.py:421: in _patch_source
    return update_source(
backend/app/api/routes/admin_sources.py:273: in update_source
    return _to_source_response(source)
           ^^^^^^^^^^^^^^^^^^^^^^^^^^^
_ _ _ _ _ _ _ _ _ _ _ _ _ _ _ _ _ _ _ _ _ _ _ _ _ _ _ _ _ _ _ _ _ _ _ _ _ _ _ _ 

source = <MagicMock name='mock.query().filter().first()' id='4527674848'>

    def _to_source_response(source: SourceRegistry) -> SourceResponse:
        enable_blockers = _compute_enable_blockers(source)
>       payload = SourceResponse.model_validate(source).model_dump()
                  ^^^^^^^^^^^^^^^^^^^^^^^^^^^^^^^^^^^^^
E       pydantic_core._pydantic_core.ValidationError: 10 validation errors for SourceResponse
E       source_name
E         Input should be a valid string [type=string_type, input_value=<MagicMock name='mock.que...e_name' id='4527585424'>, input_type=MagicMock]
E           For further information visit https://errors.pydantic.dev/2.13/v/string_type
E       source_type
E         Input should be a valid string [type=string_type, input_value=<MagicMock name='mock.que...e_type' id='4528159392'>, input_type=MagicMock]
E           For further information visit https://errors.pydantic.dev/2.13/v/string_type
E       country
E         Input should be a valid string [type=string_type, input_value=<MagicMock name='mock.que...ountry' id='4528154352'>, input_type=MagicMock]
E           For further information visit https://errors.pydantic.dev/2.13/v/string_type
E       province_state
E         Input should be a valid string [type=string_type, input_value=<MagicMock name='mock.que..._state' id='4528148448'>, input_type=MagicMock]
E           For further information visit https://errors.pydantic.dev/2.13/v/string_type
E       city
E         Input should be a valid string [type=string_type, input_value=<MagicMock name='mock.que...).city' id='4528152288'>, input_type=MagicMock]
E           For further information visit https://errors.pydantic.dev/2.13/v/string_type
E       source_tier
E         Input should be a valid string [type=string_type, input_value=<MagicMock name='mock.que...e_tier' id='4527613008'>, input_type=MagicMock]
E           For further information visit https://errors.pydantic.dev/2.13/v/string_type
E       admin_notes
E         Input should be a valid string [type=string_type, input_value=<MagicMock name='mock.que..._notes' id='4528781552'>, input_type=MagicMock]
E           For further information visit https://errors.pydantic.dev/2.13/v/string_type
E       jurisdiction
E         Input should be a valid string [type=string_type, input_value=<MagicMock name='mock.que...iction' id='4526310464'>, input_type=MagicMock]
E           For further information visit https://errors.pydantic.dev/2.13/v/string_type
E       category
E         Input should be a valid string [type=string_type, input_value=<MagicMock name='mock.que...tegory' id='4526489968'>, input_type=MagicMock]
E           For further information visit https://errors.pydantic.dev/2.13/v/string_type
E       creates
E         Input should be a valid string [type=string_type, input_value=<MagicMock name='mock.que...reates' id='4527610896'>, input_type=MagicMock]
E           For further information visit https://errors.pydantic.dev/2.13/v/string_type

backend/app/api/routes/admin_sources.py:444: ValidationError
------------------------------ Captured log call -------------------------------
WARNING  app.ingestion.source_adapter_factory:source_adapter_factory.py:97 No adapter registered for parser 'csv_parser' (source 'test_src').
______ TestUpdateSourceClassPolicy.test_activate_machine_ingest_succeeds _______

self = <test_source_run_policy.TestUpdateSourceClassPolicy object at 0x10dccea50>

    def test_activate_machine_ingest_succeeds(self) -> None:
        src = _make_source(source_class="machine_ingest", is_active=False)
>       result = _patch_source(src, is_active=True)
                 ^^^^^^^^^^^^^^^^^^^^^^^^^^^^^^^^^^

backend/app/tests/test_source_run_policy.py:457: 
_ _ _ _ _ _ _ _ _ _ _ _ _ _ _ _ _ _ _ _ _ _ _ _ _ _ _ _ _ _ _ _ _ _ _ _ _ _ _ _ 
backend/app/tests/test_source_run_policy.py:421: in _patch_source
    return update_source(
backend/app/api/routes/admin_sources.py:273: in update_source
    return _to_source_response(source)
           ^^^^^^^^^^^^^^^^^^^^^^^^^^^
_ _ _ _ _ _ _ _ _ _ _ _ _ _ _ _ _ _ _ _ _ _ _ _ _ _ _ _ _ _ _ _ _ _ _ _ _ _ _ _ 

source = <MagicMock name='mock.query().filter().first()' id='4527362880'>

    def _to_source_response(source: SourceRegistry) -> SourceResponse:
        enable_blockers = _compute_enable_blockers(source)
>       payload = SourceResponse.model_validate(source).model_dump()
                  ^^^^^^^^^^^^^^^^^^^^^^^^^^^^^^^^^^^^^
E       pydantic_core._pydantic_core.ValidationError: 10 validation errors for SourceResponse
E       source_name
E         Input should be a valid string [type=string_type, input_value=<MagicMock name='mock.que...e_name' id='4526886640'>, input_type=MagicMock]
E           For further information visit https://errors.pydantic.dev/2.13/v/string_type
E       source_type
E         Input should be a valid string [type=string_type, input_value=<MagicMock name='mock.que...e_type' id='4526894320'>, input_type=MagicMock]
E           For further information visit https://errors.pydantic.dev/2.13/v/string_type
E       country
E         Input should be a valid string [type=string_type, input_value=<MagicMock name='mock.que...ountry' id='4527991712'>, input_type=MagicMock]
E           For further information visit https://errors.pydantic.dev/2.13/v/string_type
E       province_state
E         Input should be a valid string [type=string_type, input_value=<MagicMock name='mock.que..._state' id='4528108512'>, input_type=MagicMock]
E           For further information visit https://errors.pydantic.dev/2.13/v/string_type
E       city
E         Input should be a valid string [type=string_type, input_value=<MagicMock name='mock.que...).city' id='4528102128'>, input_type=MagicMock]
E           For further information visit https://errors.pydantic.dev/2.13/v/string_type
E       source_tier
E         Input should be a valid string [type=string_type, input_value=<MagicMock name='mock.que...e_tier' id='4528029776'>, input_type=MagicMock]
E           For further information visit https://errors.pydantic.dev/2.13/v/string_type
E       admin_notes
E         Input should be a valid string [type=string_type, input_value=<MagicMock name='mock.que..._notes' id='4543506496'>, input_type=MagicMock]
E           For further information visit https://errors.pydantic.dev/2.13/v/string_type
E       jurisdiction
E         Input should be a valid string [type=string_type, input_value=<MagicMock name='mock.que...iction' id='4543619936'>, input_type=MagicMock]
E           For further information visit https://errors.pydantic.dev/2.13/v/string_type
E       category
E         Input should be a valid string [type=string_type, input_value=<MagicMock name='mock.que...tegory' id='4527552176'>, input_type=MagicMock]
E           For further information visit https://errors.pydantic.dev/2.13/v/string_type
E       creates
E         Input should be a valid string [type=string_type, input_value=<MagicMock name='mock.que...reates' id='4527299072'>, input_type=MagicMock]
E           For further information visit https://errors.pydantic.dev/2.13/v/string_type

backend/app/api/routes/admin_sources.py:444: ValidationError
------------------------------ Captured log call -------------------------------
WARNING  app.ingestion.source_adapter_factory:source_adapter_factory.py:97 No adapter registered for parser 'csv_parser' (source 'test_src').
__ TestUpdateSourceClassPolicy.test_patch_notes_on_non_machine_ingest_allowed __

self = <test_source_run_policy.TestUpdateSourceClassPolicy object at 0x10dcce6f0>

    def test_patch_notes_on_non_machine_ingest_allowed(self) -> None:
        """Non-activation patches (e.g. admin_notes) must still work on any class."""
        src = _make_source(source_class="portal_reference")
>       result = _patch_source(src, admin_notes="Updated manually")
                 ^^^^^^^^^^^^^^^^^^^^^^^^^^^^^^^^^^^^^^^^^^^^^^^^^^

backend/app/tests/test_source_run_policy.py:464: 
_ _ _ _ _ _ _ _ _ _ _ _ _ _ _ _ _ _ _ _ _ _ _ _ _ _ _ _ _ _ _ _ _ _ _ _ _ _ _ _ 
backend/app/tests/test_source_run_policy.py:421: in _patch_source
    return update_source(
backend/app/api/routes/admin_sources.py:273: in update_source
    return _to_source_response(source)
           ^^^^^^^^^^^^^^^^^^^^^^^^^^^
_ _ _ _ _ _ _ _ _ _ _ _ _ _ _ _ _ _ _ _ _ _ _ _ _ _ _ _ _ _ _ _ _ _ _ _ _ _ _ _ 

source = <MagicMock name='mock.query().filter().first()' id='4542970960'>

    def _to_source_response(source: SourceRegistry) -> SourceResponse:
        enable_blockers = _compute_enable_blockers(source)
>       payload = SourceResponse.model_validate(source).model_dump()
                  ^^^^^^^^^^^^^^^^^^^^^^^^^^^^^^^^^^^^^
E       pydantic_core._pydantic_core.ValidationError: 9 validation errors for SourceResponse
E       source_name
E         Input should be a valid string [type=string_type, input_value=<MagicMock name='mock.que...e_name' id='4543420304'>, input_type=MagicMock]
E           For further information visit https://errors.pydantic.dev/2.13/v/string_type
E       source_type
E         Input should be a valid string [type=string_type, input_value=<MagicMock name='mock.que...e_type' id='4543427744'>, input_type=MagicMock]
E           For further information visit https://errors.pydantic.dev/2.13/v/string_type
E       country
E         Input should be a valid string [type=string_type, input_value=<MagicMock name='mock.que...ountry' id='4543300480'>, input_type=MagicMock]
E           For further information visit https://errors.pydantic.dev/2.13/v/string_type
E       province_state
E         Input should be a valid string [type=string_type, input_value=<MagicMock name='mock.que..._state' id='4543304368'>, input_type=MagicMock]
E           For further information visit https://errors.pydantic.dev/2.13/v/string_type
E       city
E         Input should be a valid string [type=string_type, input_value=<MagicMock name='mock.que...).city' id='4543308160'>, input_type=MagicMock]
E           For further information visit https://errors.pydantic.dev/2.13/v/string_type
E       source_tier
E         Input should be a valid string [type=string_type, input_value=<MagicMock name='mock.que...e_tier' id='4543311952'>, input_type=MagicMock]
E           For further information visit https://errors.pydantic.dev/2.13/v/string_type
E       jurisdiction
E         Input should be a valid string [type=string_type, input_value=<MagicMock name='mock.que...iction' id='4544671344'>, input_type=MagicMock]
E           For further information visit https://errors.pydantic.dev/2.13/v/string_type
E       category
E         Input should be a valid string [type=string_type, input_value=<MagicMock name='mock.que...tegory' id='4544675760'>, input_type=MagicMock]
E           For further information visit https://errors.pydantic.dev/2.13/v/string_type
E       creates
E         Input should be a valid string [type=string_type, input_value=<MagicMock name='mock.que...reates' id='4544307248'>, input_type=MagicMock]
E           For further information visit https://errors.pydantic.dev/2.13/v/string_type

backend/app/api/routes/admin_sources.py:444: ValidationError
------------------------------ Captured log call -------------------------------
WARNING  app.ingestion.source_adapter_factory:source_adapter_factory.py:97 No adapter registered for parser 'csv_parser' (source 'test_src').
=============================== warnings summary ===============================
backend/.venv/lib/python3.12/site-packages/passlib/utils/__init__.py:854
  /Users/dawsonblock/Downloads/JUDGE_ATLAS-main-3/JUDGE-main/backend/.venv/lib/python3.12/site-packages/passlib/utils/__init__.py:854: DeprecationWarning: 'crypt' is deprecated and slated for removal in Python 3.13
    from crypt import crypt as _crypt

-- Docs: https://docs.pytest.org/en/stable/how-to/capture-warnings.html
=========================== short test summary info ============================
FAILED backend/app/tests/test_source_run_policy.py::TestEnableSourceClassPolicy::test_machine_ingest_enable_succeeds
FAILED backend/app/tests/test_source_run_policy.py::TestUpdateSourceClassPolicy::test_deactivate_non_machine_ingest_is_allowed
FAILED backend/app/tests/test_source_run_policy.py::TestUpdateSourceClassPolicy::test_activate_machine_ingest_succeeds
FAILED backend/app/tests/test_source_run_policy.py::TestUpdateSourceClassPolicy::test_patch_notes_on_non_machine_ingest_allowed
4 failed, 54 passed, 1 warning in 0.34s
GROUP=ingestion_source_gates
COMMAND=bash -lc JTA_DATABASE_URL="sqlite:////Users/dawsonblock/Downloads/JUDGE_ATLAS-main-3/JUDGE-main/artifacts/proof/proof_groups.db" /Users/dawsonblock/Downloads/JUDGE_ATLAS-main-3/JUDGE-main/backend/.venv/bin/python -m pytest backend/app/tests/test_ingestion_source_gate.py backend/app/tests/test_source_run_policy.py backend/app/tests/test_source_automation_status_gate.py backend/app/tests/test_source_registry_control_plane.py -q

