=== v29 implementation start 2026-05-10T20:34:59Z ===

-- git status --
 M artifacts/proof/CURRENT_PROOF.md
 M artifacts/proof/current/CURRENT_PROOF.md
 M artifacts/proof/current/auth_mutation_route_coverage.log
 M artifacts/proof/current/backend_pytest.log
 M artifacts/proof/current/egress_proxy_proof.log
 M artifacts/proof/current/frontend_contracts.log
 M artifacts/proof/current/frontend_install.log
 M artifacts/proof/current/postgis_proof.log
 M artifacts/proof/current/public_api_boundary.log
 M artifacts/proof/current/release_gate.json
 M artifacts/proof/current/release_gate.log
 M artifacts/proof/current/verify_audit_chain.log
 M scripts/release_gate.py
?? artifacts/proof/v28-proof-metadata-cleanup/
?? artifacts/proof/v29-implementation-start/

-- gate markers --
4:  "alpha_gate_passed": true,
22:  "check_count": 25,
24:  "postgis_proof_result": "PASS",
25:  "egress_proxy_proof_result": "PASS",
