==> Artifacts: /Users/dawsonblock/Downloads/THE-JUDGE-main/JUDGE-main/artifacts/proof/enforcement-20260508-220748
==> CHECK: compile
  PASS: compile
==> CHECK: no-direct-ingestion-network-clients
  PASS: no-direct-ingestion-network-clients
==> CHECK: repo-boundary-enforcement
  PASS: repo-boundary-enforcement
==> CHECK: no-pyc
  PASS: no-pyc
==> CHECK: no-legacy-token
  PASS: no-legacy-token
==> CHECK: check-statuses
  PASS: check-statuses
==> CHECK: check-source-keys
  PASS: check-source-keys
==> CHECK: truth-claims
  PASS: truth-claims
==> CHECK: backend-tests
  PASS: backend-tests
==> Summary written: /Users/dawsonblock/Downloads/THE-JUDGE-main/JUDGE-main/artifacts/proof/enforcement-20260508-220748/SUMMARY.md
