=== v24 baseline 2026-05-10T19:56:47Z ===
?? artifacts/proof/v24-doc-proof-cleanup/

-- current gate summary --
2:  "generated_at": "2026-05-10T19:28:50.339796+00:00",
4:  "alpha_gate_passed": true,
217:  "failed_checks": [],

-- repair proof headers --
> **Historical Record** — reflects state at time of writing; may not represent current implementation.

# Repair Proof — JUDGE-main

**Date**: 2026-05-02  
**Repair Phase**: Bug Fixes + Verification  
**Status**: ✅ 6 BUGS FIXED — BACKEND & FRONTEND VERIFIED — DOCKER PENDING ENVIRONMENT

## Executive Summary

5 critical bugs fixed, backend verified (394 tests), frontend verified (9 pages), migrations passed. Docker Compose blocked by Docker Desktop storage corruption (environment issue, not codebase). Additional fix: corrected frontend Dockerfile UID to comply with SYS_UID_MAX=999.

### Bugs Fixed

| Bug | File | Fix |
|-----|------|-----|
| Snapshot persistence | `source_fetcher.py` | Added `db.flush()` + `db.commit()` after `write_snapshot()` |
| SQLAlchemy case() | `admin_ingestion.py` | Changed `func.case([...])` to `case((...), else_=0)` |

> **Historical Record** — reflects state at time of writing; may not represent current implementation.

# Repair Baseline — JUDGE-main

**Date**: 2026-05-01
**Status**: ✅ Repair Complete — All Phases Verified

## Current Repository State

### Backend Status
- **Location**: `backend/`
- **Python**: 3.11.14 (in .venv)
- **DB**: SQLite (test), PostgreSQL (production target)
- **Migrations**: 28 migration files — **All passing on fresh SQLite DB**
- **Tests**: **394 passed, 5 warnings**
- **Syntax**: `python -m compileall` — **No errors**

### Critical Blockers — RESOLVED

-- migration count references --
docs/CURRENT_STATUS.md:32:- Alembic migration files: 44 (`backend/alembic/versions/*.py`).
artifacts/current_repo_baseline.md:37:Total migrations: 41
