=== release gate ===
{
  "generated_at": "2026-05-10T20:14:10.649926+00:00",
  "timestamp_utc": "2026-05-10T20:14:10.649951+00:00",
  "alpha_gate_passed": true,
  "git_commit": "unknown",
  "commit_hash": "c804ed9865e1aadb804d640306b887a7a94b4eaf",
  "python_version": "3.11.7",
  "gate_runner_python_version": "3.11.7",
  "gate_runner_python_executable": "/Users/dawsonblock/Downloads/THE-JUDGE-main/JUDGE-main/backend/.venv/bin/python",
  "backend_test_python_version": "3.11.7",
  "backend_test_python_executable": "/Users/dawsonblock/Downloads/THE-JUDGE-main/JUDGE-main/backend/.venv/bin/python",
  "backend_required_python": ">=3.11",
  "node_version": "v24.15.0",
  "npm_version": "11.12.1",
  "test_database_backend": "sqlite",
  "test_database_url_type": "sqlite_file",
  "platform": "macOS-26.2-arm64-arm-64bit",
  "docker_available": true,
  "docker_check_timeout_seconds": 60,
  "postgis_proof_required": true,
  "postgis_proof_timeout_seconds": 900,
  "postgis_proof_result": "PASS",
  "checks": [
    {
      "name": "check_no_pyc",
      "command": "bash scripts/check_no_pyc.sh",
      "status": "PASS",
      "exit_code": 0,
      "duration_seconds": 0.016,
      "log_path": "artifacts/proof/current/check_no_pyc.log"
    },
    {
      "name": "check_false_claims",
      "command": "/Users/dawsonblock/Downloads/THE-JUDGE-main/JUDGE-main/backend/.venv/bin/python scripts/check_false_claims.py",
      "status": "PASS",
      "exit_code": 0,
      "duration_seconds": 1.607,
      "log_path": "artifacts/proof/current/check_false_claims.log"
    },
    {
      "name": "check_external_boundaries",
      "command": "/Users/dawsonblock/Downloads/THE-JUDGE-main/JUDGE-main/backend/.venv/bin/python scripts/check_external_boundaries.py",
      "status": "PASS",
      "exit_code": 0,
      "duration_seconds": 0.619,
      "log_path": "artifacts/proof/current/check_external_boundaries.log"
    },
    {
      "name": "backend_compile",
      "command": "/Users/dawsonblock/Downloads/THE-JUDGE-main/JUDGE-main/backend/.venv/bin/python -m compileall -q backend/app backend/tools",
      "status": "PASS",
      "exit_code": 0,
      "duration_seconds": 0.076,
      "log_path": "artifacts/proof/current/backend_compile.log"
    },
    {
      "name": "backend_pytest",
      "command": "bash -lc JTA_DATABASE_URL=\"sqlite:////Users/dawsonblock/Downloads/THE-JUDGE-main/JUDGE-main/artifacts/proof/current/proof.db\" /Users/dawsonblock/Downloads/THE-JUDGE-main/JUDGE-main/backend/.venv/bin/python -m pytest backend/app/tests -x --tb=short -q",
      "status": "PASS",
      "exit_code": 0,
      "duration_seconds": 28.332,
      "log_path": "artifacts/proof/current/backend_pytest.log"
    },
    {
      "name": "check_migrations",
      "command": "/Users/dawsonblock/Downloads/THE-JUDGE-main/JUDGE-main/backend/.venv/bin/python backend/tools/check_migrations.py",
      "status": "PASS",
      "exit_code": 0,
      "duration_seconds": 0.881,
      "log_path": "artifacts/proof/current/check_migrations.log"
    },
    {
      "name": "docker_runtime_preflight",
      "command": "bash scripts/check_docker_runtime.sh",
      "status": "PASS",
      "exit_code": 0,
      "duration_seconds": 1.077,
      "log_path": "artifacts/proof/current/docker_runtime_preflight.log"
    },
    {
      "name": "postgis_proof",
      "command": "bash -lc bash scripts/proof_postgis.sh && cp artifacts/proof/postgis_proof.log artifacts/proof/current/postgis_proof.log",
      "status": "PASS",
      "exit_code": 0,
      "duration_seconds": 12.743,
      "log_path": "artifacts/proof/current/postgis_proof.log"
    },
    {
      "name": "egress_proxy_proof",
      "command": "bash scripts/proof_egress_proxy.sh",
      "status": "PASS",
      "exit_code": 0,
      "duration_seconds": 8.118,
      "log_path": "artifacts/proof/current/egress_proxy_proof.log"
    },
    {
      "name": "validate_sources",
      "command": "/Users/dawsonblock/Downloads/THE-JUDGE-main/JUDGE-main/backend/.venv/bin/python backend/tools/validate_sources.py",
      "status": "PASS",
      "exit_code": 0,
      "duration_seconds": 0.355,
      "log_path": "artifacts/proof/current/validate_sources.log"
    },
    {
      "name": "prepare_proof_db",
      "command": "/Users/dawsonblock/Downloads/THE-JUDGE-main/JUDGE-main/backend/.venv/bin/python scripts/prepare_proof_db.py --proof-db /Users/dawsonblock/Downloads/THE-JUDGE-main/JUDGE-main/artifacts/proof/current/proof.db",
      "status": "PASS",
      "exit_code": 0,
      "duration_seconds": 1.439,
      "log_path": "artifacts/proof/current/prepare_proof_db.log"
    },
    {
      "name": "verify_evidence_store",
      "command": "bash -lc JTA_DATABASE_URL=\"sqlite:////Users/dawsonblock/Downloads/THE-JUDGE-main/JUDGE-main/artifacts/proof/current/proof.db\" /Users/dawsonblock/Downloads/THE-JUDGE-main/JUDGE-main/backend/.venv/bin/python backend/tools/verify_evidence_store.py",
      "status": "PASS",
      "exit_code": 0,
      "duration_seconds": 0.39,
      "log_path": "artifacts/proof/current/verify_evidence_store.log"
    },
    {
      "name": "verify_audit_chain",
      "command": "bash -lc JTA_DATABASE_URL=\"sqlite:////Users/dawsonblock/Downloads/THE-JUDGE-main/JUDGE-main/artifacts/proof/current/proof.db\" /Users/dawsonblock/Downloads/THE-JUDGE-main/JUDGE-main/backend/.venv/bin/python backend/tools/verify_audit_chain.py",
      "status": "PASS",
      "exit_code": 0,
      "duration_seconds": 0.363,
      "log_path": "artifacts/proof/current/verify_audit_chain.log"
    },
    {
      "name": "auth_mutation_route_coverage",
      "command": "/Users/dawsonblock/Downloads/THE-JUDGE-main/JUDGE-main/backend/.venv/bin/python -m pytest backend/app/tests/test_mutation_route_authority_coverage.py -q",
      "status": "PASS",
      "exit_code": 0,
      "duration_seconds": 1.43,
      "log_path": "artifacts/proof/current/auth_mutation_route_coverage.log"
    },
    {
      "name": "mutation_fail_closed_coverage",
      "command": "/Users/dawsonblock/Downloads/THE-JUDGE-main/JUDGE-main/backend/.venv/bin/python -m pytest backend/app/tests/test_mutation_fail_closed_coverage.py -q",
      "status": "PASS",
      "exit_code": 0,
      "duration_seconds": 1.441,
      "log_path": "artifacts/proof/current/mutation_fail_closed_coverage.log"
    },
    {
      "name": "frontend_install",
      "command": "npm ci --prefix /Users/dawsonblock/Downloads/THE-JUDGE-main/JUDGE-main/frontend",
      "status": "PASS",
      "exit_code": 0,
      "duration_seconds": 12.283,
      "log_path": "artifacts/proof/current/frontend_install.log"
    },
    {
      "name": "frontend_lint",
      "command": "npm run lint --prefix /Users/dawsonblock/Downloads/THE-JUDGE-main/JUDGE-main/frontend",
      "status": "PASS",
      "exit_code": 0,
      "duration_seconds": 1.954,
      "log_path": "artifacts/proof/current/frontend_lint.log"
    },
    {
      "name": "frontend_typecheck",
      "command": "npm run typecheck --prefix /Users/dawsonblock/Downloads/THE-JUDGE-main/JUDGE-main/frontend",
      "status": "PASS",
      "exit_code": 0,
      "duration_seconds": 1.072,
      "log_path": "artifacts/proof/current/frontend_typecheck.log"
    },
    {
      "name": "frontend_contracts",
      "command": "npm run test:contracts --prefix /Users/dawsonblock/Downloads/THE-JUDGE-main/JUDGE-main/frontend",
      "status": "PASS",
      "exit_code": 0,
      "duration_seconds": 1.095,
      "log_path": "artifacts/proof/current/frontend_contracts.log"
    },
    {
      "name": "frontend_build",
      "command": "npm run build --prefix /Users/dawsonblock/Downloads/THE-JUDGE-main/JUDGE-main/frontend",
      "status": "PASS",
      "exit_code": 0,
      "duration_seconds": 9.113,
      "log_path": "artifacts/proof/current/frontend_build.log"
    },
    {
      "name": "check_api_contracts",
      "command": "/Users/dawsonblock/Downloads/THE-JUDGE-main/JUDGE-main/backend/.venv/bin/python scripts/check_api_contracts.py",
      "status": "PASS",
      "exit_code": 0,
      "duration_seconds": 2.468,
      "log_path": "artifacts/proof/current/check_api_contracts.log"
    },
    {
      "name": "repo_generated_files",
      "command": "/Users/dawsonblock/Downloads/THE-JUDGE-main/JUDGE-main/backend/.venv/bin/python scripts/check_no_generated_files.py --root /Users/dawsonblock/Downloads/THE-JUDGE-main/JUDGE-main",
      "status": "PASS",
      "exit_code": 0,
      "duration_seconds": 0.038,
      "log_path": "artifacts/proof/current/repo_generated_files.log"
    },
    {
      "name": "check_npm_audit_triage",
      "command": "/Users/dawsonblock/Downloads/THE-JUDGE-main/JUDGE-main/backend/.venv/bin/python scripts/check_npm_audit_triage.py",
      "status": "PASS",
      "exit_code": 0,
      "duration_seconds": 1.198,
      "log_path": "artifacts/proof/current/check_npm_audit_triage.log"
    },
    {
      "name": "map_route_check",
      "command": "/Users/dawsonblock/Downloads/THE-JUDGE-main/JUDGE-main/backend/.venv/bin/python scripts/check_map_route.py",
      "status": "PASS",
      "exit_code": 0,
      "duration_seconds": 1.521,
      "log_path": "artifacts/proof/current/map_route_check.log"
    },
    {
      "name": "public_api_boundary",
      "command": "/Users/dawsonblock/Downloads/THE-JUDGE-main/JUDGE-main/backend/.venv/bin/python -m pytest backend/app/tests -k public_api -q",
      "status": "PASS",
      "exit_code": 0,
      "duration_seconds": 2.617,
      "log_path": "artifacts/proof/current/public_api_boundary.log"
    }
  ],
  "failed_checks": [],
  "blocked_checks": {},
  "archived_legacy_sidecars": [],
  "logs": {
    "check_no_pyc": "artifacts/proof/current/check_no_pyc.log",
    "check_false_claims": "artifacts/proof/current/check_false_claims.log",
    "check_external_boundaries": "artifacts/proof/current/check_external_boundaries.log",
    "backend_compile": "artifacts/proof/current/backend_compile.log",
    "backend_pytest": "artifacts/proof/current/backend_pytest.log",
    "check_migrations": "artifacts/proof/current/check_migrations.log",
    "docker_runtime_preflight": "artifacts/proof/current/docker_runtime_preflight.log",
    "postgis_proof": "artifacts/proof/current/postgis_proof.log",
    "egress_proxy_proof": "artifacts/proof/current/egress_proxy_proof.log",
    "validate_sources": "artifacts/proof/current/validate_sources.log",
    "prepare_proof_db": "artifacts/proof/current/prepare_proof_db.log",
    "verify_evidence_store": "artifacts/proof/current/verify_evidence_store.log",
    "verify_audit_chain": "artifacts/proof/current/verify_audit_chain.log",
    "auth_mutation_route_coverage": "artifacts/proof/current/auth_mutation_route_coverage.log",
    "mutation_fail_closed_coverage": "artifacts/proof/current/mutation_fail_closed_coverage.log",
    "frontend_install": "artifacts/proof/current/frontend_install.log",
    "frontend_lint": "artifacts/proof/current/frontend_lint.log",
    "frontend_typecheck": "artifacts/proof/current/frontend_typecheck.log",
    "frontend_contracts": "artifacts/proof/current/frontend_contracts.log",
    "frontend_build": "artifacts/proof/current/frontend_build.log",
    "check_api_contracts": "artifacts/proof/current/check_api_contracts.log",
    "repo_generated_files": "artifacts/proof/current/repo_generated_files.log",
    "check_npm_audit_triage": "artifacts/proof/current/check_npm_audit_triage.log",
    "map_route_check": "artifacts/proof/current/map_route_check.log",
    "public_api_boundary": "artifacts/proof/current/public_api_boundary.log",
    "release_gate": "artifacts/proof/current/release_gate.log",
    "current_proof": "artifacts/proof/current/CURRENT_PROOF.md"
  },
  "known_limitations": [
    "alpha gate only; not a production release gate",
    "AI outputs are reviewer assistance only \u2014 not determinations of guilt or legal conclusions",
    "external HTTP fetch results are not guaranteed current; system operates on cached snapshots",
    "no real-time alerting; proof artifacts must be regenerated manually after each code change"
  ],
  "release_blockers_remaining": []
}
=== current proof ===
# CURRENT_PROOF

- generated_at_utc: 2026-05-10T20:14:10.649951+00:00
- commit_hash: c804ed9865e1aadb804d640306b887a7a94b4eaf
- alpha_gate_status: PASS
- alpha_gate_passed: true
- release_gate_check_count: 25
- docker_available: true
- postgis_proof_result: PASS

## Runtime Metadata

- gate_runner_python_version: 3.11.7
- gate_runner_python_executable: /Users/dawsonblock/Downloads/THE-JUDGE-main/JUDGE-main/backend/.venv/bin/python
- backend_test_python_version: 3.11.7
- backend_test_python_executable: /Users/dawsonblock/Downloads/THE-JUDGE-main/JUDGE-main/backend/.venv/bin/python
- backend_required_python: >=3.11
- node_version: v24.15.0
- npm_version: 11.12.1
- platform: macOS-26.2-arm64-arm-64bit
- test_database_backend: sqlite
- test_database_url_type: sqlite_file

## Scope and Safety

- Current status: proof-hardened alpha.
- Not ready for production deployment.
- Does not hold legal authority.
- Evidence snapshots are authoritative; memory is derivative.
- AI is reviewer assistance only.
- Source ingestion is disabled by default unless explicitly enabled.
- External folders are reference-only.
- JWT mutation authority is current; legacy shared-token compatibility is deprecated.
- make verify = local no-Docker quality checks.
- make release-proof-local = Docker/PostGIS alpha release gate.
- Current alpha release is blocked if Docker/PostGIS proof fails.

## Egress Proxy Coverage

- Dedicated gate artifact: artifacts/proof/current/egress_proxy_proof.log.
- Production startup proxy policy coverage: backend/app/tests/test_production_fetch_egress_policy.py.
- Runtime proxy opener/wiring coverage: backend/app/tests/test_source_fetcher_proxy.py.
- SSRF defense context coverage remains in backend/app/tests/test_source_fetcher_ssrf.py.

## Canonical Artifacts

- artifacts/proof/current/release_gate.json
- artifacts/proof/current/release_gate.log
- artifacts/proof/current/docker_runtime_preflight.log
- artifacts/proof/current/postgis_proof.log
- artifacts/proof/current/egress_proxy_proof.log
- artifacts/proof/current/backend_pytest.log
- artifacts/proof/current/frontend_contracts.log
- artifacts/proof/current/check_api_contracts.log
- artifacts/proof/current/map_route_check.log
- artifacts/proof/current/public_api_boundary.log
- artifacts/proof/current/mutation_fail_closed_coverage.log
=== root proof file ===
# CURRENT_PROOF.md — Truth-Hardening Pass (Multi-Session)

> This document is the authoritative up-to-date record of every change applied
> during the full truth-hardening engagement. Historical proof files
> (`JUDGE-22-proof.md`, `FINAL_SUMMARY.md`) are preserved but prefixed with
> a deprecation notice.

---

## Session Dates

- Session 1 (prior): Phases A1–E3
- Session 2 (continuation): Phases F1–I2

---

## Phases Applied

### A1 — Source-class run-block gate
**File**: `backend/app/api/routes/admin_sources.py`  
**Change**: Added allow-list (`_ALLOWED_RUN_SOURCE_CLASSES`) enforced before any
source-run action; returns 422 with `source_class_not_runnable` detail for
non-machine-ingest classes.

---

### A2 — Health update on exception in source runner  
**File**: `backend/app/api/routes/admin_sources.py`  
**Change**: Wrapped source-execute path in try/except; on unhandled exception the
source health record is updated to `error` state before re-raising.

---

### B1 — Three portal stubs converted to `disabled_stub`  
**File**: `backend/app/ingestion/sources/canada_saskatchewan_sources.yaml`  
**Change**: Converted three placeholder entries from `portal_reference` or
`machine_ingest` to `disabled_stub` with `enabled_default: false` and
descriptive `admin_notes`.  Verified via `validate_workflows.py`.

---

### C1 — SSRF blocking restored + `@dataclass` fix on `RuleViolation`  
**File**: `backend/app/ingestion/source_rules.py`  
**Change**:
- Restored `@dataclass` decorator on `RuleViolation` (was accidentally stripped).
- Added `_is_private_or_loopback()` helper and a `ssrf_block` violation returned
  from `check_domain_allowed` when the resolved host is a private/loopback address.

---

### C2 — Stale test fixes + 11 SSRF tests  
**File**: `backend/app/tests/test_source_rules.py`  
**Change**:
- Fixed 3 tests that referenced the old un-decorated `RuleViolation` constructor.
- Added 11 new tests covering SSRF scenarios (localhost, 127.x, 10.x, 192.168.x,
  IPv6 loopback, hostname collision).

---

### A3 — `test_source_run_policy.py` (5 test classes)  
**File**: `backend/app/tests/test_source_run_policy.py` *(new)*  
**Change**: Created comprehensive policy tests for the run-block gate:
`TestSourceRunPolicyAllowedClasses`, `TestSourceRunPolicyBlockedClasses`,
`TestSourceRunPolicyNextAction`, `TestSourceRunPolicyEdgeCases`,
`TestSourceRunPolicyStatusTransitions`.

---

### D1 — `crawlee_runner.py` docstring  
**File**: `backend/app/ingestion/crawlee_runner.py`  
**Change**: Added module-level docstring clarifying robots.txt enforcement contract
and the fail-closed behaviour expected of all subclasses.

---

### D2 — `TestRobotsAllowedFailClosed` (5 tests)  
**File**: `backend/app/tests/test_crawlee_safety.py` *(new)*  
**Change**: Created `TestRobotsAllowedFailClosed` class verifying that
`robots_allowed()` defaults to `False` on every exception path (connection error,
parse error, timeout, unexpected exception) and returns `True` only for an
explicit non-restricted allow.

---

### E1 — `SourceClass` TypeScript union  
**File**: `frontend/lib/types.ts`  
**Change**: Added `SourceClass` discriminated-union type mirroring the 6 backend
canonical values (`machine_ingest`, `portal_reference`, `disabled_stub`,
`manual_reference`, `requires_api_key`, `needs_endpoint_configuration`).

---

### E2 — `api.ts` typed source-class field  
**File**: `frontend/lib/api.ts`  
**Change**: Typed `source_class` field in `Source` interface as `SourceClass`
(imported from `lib/types.ts`).

---

### E3 — `SourceControlCard.tsx` run-button gate  
**File**: `frontend/components/SourceControlCard.tsx`  
**Change**: Disabled the "Run now" button unless `source.source_class === "machine_ingest"`;
shows tooltip explaining why for other classes.

---

### F1 — Defensive `is_active` guard in `memory_graph_bridge.py`  
**File**: `backend/app/memory/memory_graph_bridge.py`  
**Change**: Added `if not claim.is_active: continue` early-exit inside
`sync_claims_to_graph()` loop so inactive claims are never written as graph edges,
even if the caller fails to pre-filter.

---

### F2 — `TestMemoryGraphBridgeInvalidation` (5 tests)  
**File**: `backend/app/tests/test_memory_graph_bridge.py`  
**Change**: Appended `TestMemoryGraphBridgeInvalidation` class (5 tests) covering:
inactive claim skipped, mixed known/unknown claim types, incremental second-batch
insert, empty entity/claim edge case, all predicate mappings verified.

---

### G1 — `test_registry_invariants.py` (10 tests)  
**File**: `backend/app/tests/test_registry_invariants.py` *(new)*  
**Change**: Pure YAML-file tests (no DB) asserting structural invariants across all
source registry YAML files: non-empty list, unique source keys, canonical
`source_class` values, machine_ingest has parser, disabled_stub has admin_notes,
no enabled-by-default, no portal_reference or disabled_stub marks auto-publish.

---

### G2 — `test_ingestion_review_publication_hard_path.py`  
**File**: `backend/app/tests/test_ingestion_review_publication_hard_path.py` *(new)*  
**Change**: Pure-function integration tests (no DB, no HTTP) exercising the full
`source_rules.py` pipeline:

- `TestRecordTypeGate` (8 tests) — authority × record-type combinations
- `TestPublishGate` (6 tests) — authority eligibility + flag combinations
- `TestEnforceAll` (4 tests) — composed rule chain including domain violations

---

### H1 — `scripts/validate_workflows.py`  
**File**: `scripts/validate_workflows.py` *(new)*  
**Change**: CLI script that globs all YAML files under
`backend/app/ingestion/sources/`, loads them with PyYAML, and enforces 5 checks:
canonical `source_class`, machine_ingest has parser, disabled_stub has admin_notes,
no `enabled_default: true`, no auto-publish on portal_reference or disabled_stub.
Exits 1 on any violation. Smoke-run confirms 14 sources PASS.

---

### I1 — Historical-artifact disclaimers  
**Files**: `artifacts/proof/JUDGE-22-proof.md`, `artifacts/proof/FINAL_SUMMARY.md`  
**Change**: Prepended `⚠️ HISTORICAL ARTIFACT` blockquote to both files, directing
readers to this document for the current state.

---

### I2 — `artifacts/proof/CURRENT_PROOF.md`  
**File**: `artifacts/proof/CURRENT_PROOF.md` *(this file)*  
**Change**: Created authoritative proof document recording all phases across both
sessions.

---

## Verification Status

| Phase | File(s) changed | py_compile | Tests |
|-------|----------------|-----------|-------|
| A1 | admin_sources.py | ✅ | via A3 |
| A2 | admin_sources.py | ✅ | via A3 |
| A3 | test_source_run_policy.py | ✅ | 5 classes |
| B1 | canada_saskatchewan_sources.yaml | n/a | via G1, H1 |
| C1 | source_rules.py | ✅ | via C2 |
| C2 | test_source_rules.py | ✅ | +11 SSRF |
| D1 | crawlee_runner.py | ✅ | via D2 |
| D2 | test_crawlee_safety.py | ✅ | 5 tests |
| E1 | lib/types.ts | tsc | n/a |
| E2 | lib/api.ts | tsc | n/a |
| E3 | SourceControlCard.tsx | tsc | n/a |
| F1 | memory_graph_bridge.py | ✅ | via F2 |
| F2 | test_memory_graph_bridge.py | ✅ | 5 tests |
| G1 | test_registry_invariants.py | ✅ | 10 tests |
| G2 | test_ingestion_review_publication_hard_path.py | ✅ | 18 tests |
| H1 | scripts/validate_workflows.py | ✅ | PASS (live run) |
| I1 | JUDGE-22-proof.md, FINAL_SUMMARY.md | n/a | visual |
| I2 | CURRENT_PROOF.md | n/a | this file |

---

## Known Remaining Gaps

- No end-to-end pytest run performed (would require Docker / DB).
- Frontend TypeScript not compiled in CI during this session (no `npm` environment).
- `test_crawlee_safety.py` and `test_source_run_policy.py` rely on import-time
  mocking; full integration with the live crawlee library was not exercised.
=== egress proxy proof ===
[proof_egress_proxy] STAGE: environment
[proof_egress_proxy] Backend Python: /Users/dawsonblock/Downloads/THE-JUDGE-main/JUDGE-main/backend/.venv/bin/python
[proof_egress_proxy] STAGE: production startup egress policy tests
...                                                                      [100%]
=============================== warnings summary ===============================
.venv/lib/python3.11/site-packages/passlib/utils/__init__.py:854
  /Users/dawsonblock/Downloads/THE-JUDGE-main/JUDGE-main/backend/.venv/lib/python3.11/site-packages/passlib/utils/__init__.py:854: DeprecationWarning: 'crypt' is deprecated and slated for removal in Python 3.13
    from crypt import crypt as _crypt

-- Docs: https://docs.pytest.org/en/stable/how-to/capture-warnings.html
3 passed, 1 warning in 0.06s
[proof_egress_proxy] STAGE: runtime proxy wiring tests
..                                                                       [100%]
=============================== warnings summary ===============================
.venv/lib/python3.11/site-packages/passlib/utils/__init__.py:854
  /Users/dawsonblock/Downloads/THE-JUDGE-main/JUDGE-main/backend/.venv/lib/python3.11/site-packages/passlib/utils/__init__.py:854: DeprecationWarning: 'crypt' is deprecated and slated for removal in Python 3.13
    from crypt import crypt as _crypt

-- Docs: https://docs.pytest.org/en/stable/how-to/capture-warnings.html
2 passed, 1 warning in 0.13s
[proof_egress_proxy] STAGE: ssrf context coverage tests
....................................                                     [100%]
=============================== warnings summary ===============================
.venv/lib/python3.11/site-packages/passlib/utils/__init__.py:854
  /Users/dawsonblock/Downloads/THE-JUDGE-main/JUDGE-main/backend/.venv/lib/python3.11/site-packages/passlib/utils/__init__.py:854: DeprecationWarning: 'crypt' is deprecated and slated for removal in Python 3.13
    from crypt import crypt as _crypt

-- Docs: https://docs.pytest.org/en/stable/how-to/capture-warnings.html
36 passed, 1 warning in 3.73s
[proof_egress_proxy] PASS: egress proxy proof checks completed
=== postgis proof tail ===
[proof_postgis] Postgres ready after 3s
[proof_postgis] PASS: pg_isready
[proof_postgis] Stage: host connectivity wait loop
[proof_postgis] PASS: host connectivity ready after 3s
[proof_postgis] Stage: ensure proof database exists
[proof_postgis] PASS: proof database exists
[proof_postgis] Stage: PostGIS extension check
[proof_postgis] Checking PostGIS extension availability...
NOTICE:  extension "postgis" already exists, skipping
[proof_postgis] PASS: postgis extension present
[proof_postgis] Stage: Alembic upgrade
[proof_postgis] Running alembic upgrade head...
INFO  [alembic.runtime.migration] Context impl PostgresqlImpl.
INFO  [alembic.runtime.migration] Will assume transactional DDL.
INFO  [alembic.runtime.migration] Running upgrade  -> initial, Initial schema migration — matches ORM in app/models/entities.py exactly.
INFO  [alembic.runtime.migration] Running upgrade initial -> add_incident_link_tables, Add crime_incident_sources and crime_incident_event_links tables.
INFO  [alembic.runtime.migration] Running upgrade add_incident_link_tables -> add_boundaries_table, Add boundaries table for Natural Earth administrative data.
INFO  [alembic.runtime.migration] Running upgrade add_boundaries_table -> 20260428_0003, add ai_correctness_checks and ai_correctness_findings tables
INFO  [alembic.runtime.migration] Running upgrade 20260428_0003 -> 20260428_0004, add courtlistener_bulk_runs table
INFO  [alembic.runtime.migration] Running upgrade 20260428_0004 -> 20260428_0005, Add cl_person_id, cl_bulk_provenance table, cl_provenance JSON cols, is_aggregate.
INFO  [alembic.runtime.migration] Running upgrade 20260428_0005 -> 20260429_0006, Add PostGIS geometry column to locations table.
INFO  [alembic.runtime.migration] Running upgrade 20260429_0006 -> 20260430_0007, Add source snapshots table for content archival and provenance.
INFO  [alembic.runtime.migration] Running upgrade 20260430_0007 -> 20260430_0008, Add source registry table for source management and health tracking.
INFO  [alembic.runtime.migration] Running upgrade 20260430_0008 -> 20260430_0009, Add source_snapshot_id foreign key to review_items.
INFO  [alembic.runtime.migration] Running upgrade 20260430_0009 -> 20260501_0001, Add relationship_evidence table
INFO  [alembic.runtime.migration] Running upgrade 20260501_0001 -> 20260501_0002, Add canonical_entities and entity_source_records tables
INFO  [alembic.runtime.migration] Running upgrade 20260501_0002 -> 20260501_0003, Add source registry operational fields
INFO  [alembic.runtime.migration] Running upgrade 20260501_0003 -> 20260501_0004, Add graph layer: entity_graph_edges and court_events tables
INFO  [alembic.runtime.migration] Running upgrade 20260501_0004 -> 20260501_0005, Add CrimeIncident timeline fields
INFO  [alembic.runtime.migration] Running upgrade 20260501_0005 -> 20260501_0006, Add ingestion_run_id to SourceSnapshot and ReviewItem.
INFO  [alembic.runtime.migration] Running upgrade 20260501_0006 -> 20260501_0007, Add source_tier to SourceRegistry.
INFO  [alembic.runtime.migration] Running upgrade 20260501_0007 -> 20260501_0008, Add unique constraint to relationship_evidence table.
INFO  [alembic.runtime.migration] Running upgrade 20260501_0008 -> 20260501_0009, Add unique constraint to entity_graph_edges table.
INFO  [alembic.runtime.migration] Running upgrade 20260501_0009 -> 20260502_0001, Add snapshot integrity fields to source_snapshots table.
INFO  [alembic.runtime.migration] Running upgrade 20260502_0001 -> 20260502_0002, Add actor identity fields to audit_logs table.
INFO  [alembic.runtime.migration] Running upgrade 20260502_0002 -> 20260502_0003, Expand source_registry.source_type length.
INFO  [alembic.runtime.migration] Running upgrade 20260502_0003 -> 20260502_0004, Fix SourceRegistry.is_active server default to false.
INFO  [alembic.runtime.migration] Running upgrade 20260502_0004 -> 20260502_0005, Add Phase 6 Fluid Memory State Engine tables.
INFO  [alembic.runtime.migration] Running upgrade 20260502_0005 -> 20260502_0006, Add entity_evidence_links table.
INFO  [alembic.runtime.migration] Running upgrade 20260502_0006 -> 20260502_0007, add memory claim lifecycle fields
INFO  [alembic.runtime.migration] Running upgrade 20260502_0007 -> 20260502_0008, add confidence_score to canonical_entities and source_key to source_snapshots
INFO  [alembic.runtime.migration] Running upgrade 20260502_0008 -> 20260502_0009, Add rebuild_reason to memory_rebuild_runs and public_visibility to review_items
INFO  [alembic.runtime.migration] Running upgrade 20260502_0009 -> 20260503_0001, Add users table for JWT-based authentication.
INFO  [alembic.runtime.migration] Running upgrade 20260503_0001 -> 20260503_0002, Add public_visibility, verification_status, relationship_status, auto_publish_reason to relationship_evidence.
INFO  [alembic.runtime.migration] Running upgrade 20260503_0002 -> 20260503_0003, Add claim_embedding column to memory_claims.
INFO  [alembic.runtime.migration] Running upgrade 20260503_0003 -> 20260504_0001, Add reliability_score column to source_registry.
INFO  [alembic.runtime.migration] Running upgrade 20260504_0001 -> 20260504_0002, Add source_tier_conflicts table.
INFO  [alembic.runtime.migration] Running upgrade 20260504_0002 -> 20260504_0003, Add chain_of_custody_logs table for evidence provenance tracking.
INFO  [alembic.runtime.migration] Running upgrade 20260504_0003 -> 20260504_0008, Add pipeline_stage and quarantine_reason to ingestion_runs.
INFO  [alembic.runtime.migration] Running upgrade 20260504_0008 -> 20260504_0009, Remove dead models: topics and event_topics tables.
INFO  [alembic.runtime.migration] Running upgrade 20260504_0009 -> 20260504_0010, Add source_snapshot_id FK to crime_incidents table.
INFO  [alembic.runtime.migration] Running upgrade 20260504_0010 -> 20260504_0011, add source registry metadata fields
INFO  [alembic.runtime.migration] Running upgrade 20260504_0011 -> 20260505_0001, Add CheckConstraint on memory_rebuild_runs.rebuild_scope.
INFO  [alembic.runtime.migration] Running upgrade 20260505_0001 -> 20260506_0001, Add source_class column to source_registry.
INFO  [alembic.runtime.migration] Running upgrade 20260506_0001 -> 20260507_0001, Add user_sessions table for server-side refresh token revocation.
INFO  [alembic.runtime.migration] Running upgrade 20260507_0001 -> 20260508_0001, Add automation_status column to source_registry.
INFO  [alembic.runtime.migration] Running upgrade 20260508_0001 -> 20260509_0001, Add entry_hash and previous_entry_hash to audit_logs for persisted chain integrity.
INFO  [alembic.runtime.migration] Running upgrade 20260509_0001 -> 20260509_0002, Complete audit-chain hash fields: add payload_hash, before_hash, after_hash,
chain_version, and actor_auth_method to audit_logs.
[proof_postgis] PASS: alembic upgrade head
[proof_postgis] Stage: source registry seed
[proof_postgis] PASS: source registry seed (covered by app startup/seed path)
[proof_postgis] Stage: spatial smoke test
[proof_postgis] Running spatial smoke tests...
============================= test session starts ==============================
platform darwin -- Python 3.11.7, pytest-9.0.3, pluggy-1.6.0 -- /Users/dawsonblock/Downloads/THE-JUDGE-main/JUDGE-main/backend/.venv/bin/python
cachedir: .pytest_cache
rootdir: /Users/dawsonblock/Downloads/THE-JUDGE-main/JUDGE-main/backend
configfile: pyproject.toml
plugins: mock-3.15.1, asyncio-1.3.0, anyio-4.13.0
asyncio: mode=Mode.STRICT, debug=False, asyncio_default_fixture_loop_scope=None, asyncio_default_test_loop_scope=function
collecting ... collected 11 items

app/tests/test_map_bbox.py::test_bbox_returns_seeded_events PASSED       [  9%]
app/tests/test_map_bbox.py::test_newly_inserted_event_returned_by_bbox PASSED [ 18%]
app/tests/test_map_bbox.py::test_bbox_behavior_independent_of_geom_column PASSED [ 27%]
app/tests/test_map_bbox.py::test_map_events_with_bbox_returns_results PASSED [ 36%]
app/tests/test_map_bbox.py::test_map_crime_incidents_with_bbox_returns_results PASSED [ 45%]
app/tests/test_map_bbox.py::test_map_crime_aggregates_with_bbox_returns_results PASSED [ 54%]
app/tests/test_map_bbox.py::test_bbox_validation_rejects_invalid_format PASSED [ 63%]
app/tests/test_map_bbox.py::test_bbox_validation_rejects_out_of_range PASSED [ 72%]
app/tests/test_map_bbox.py::test_bbox_validation_rejects_south_greater_than_north PASSED [ 81%]
app/tests/test_map_bbox.py::test_map_events_bbox_returns_only_events_in_bounds PASSED [ 90%]
app/tests/test_map_bbox.py::test_bbox_query_does_not_crash_with_postgresql_dialect PASSED [100%]

=============================== warnings summary ===============================
.venv/lib/python3.11/site-packages/passlib/utils/__init__.py:854
  /Users/dawsonblock/Downloads/THE-JUDGE-main/JUDGE-main/backend/.venv/lib/python3.11/site-packages/passlib/utils/__init__.py:854: DeprecationWarning: 'crypt' is deprecated and slated for removal in Python 3.13
    from crypt import crypt as _crypt

-- Docs: https://docs.pytest.org/en/stable/how-to/capture-warnings.html
======================== 11 passed, 1 warning in 0.11s =========================
[proof_postgis] PASS: spatial smoke tests
[proof_postgis] Stage: public/private map visibility test
[proof_postgis] Running public/private visibility proof...
.......                                                                  [100%]
=============================== warnings summary ===============================
.venv/lib/python3.11/site-packages/passlib/utils/__init__.py:854
  /Users/dawsonblock/Downloads/THE-JUDGE-main/JUDGE-main/backend/.venv/lib/python3.11/site-packages/passlib/utils/__init__.py:854: DeprecationWarning: 'crypt' is deprecated and slated for removal in Python 3.13
    from crypt import crypt as _crypt

-- Docs: https://docs.pytest.org/en/stable/how-to/capture-warnings.html
7 passed, 1 warning in 0.11s
[proof_postgis] PASS: public/private map visibility test
[proof_postgis] Stage: evidence snapshot immutability test
[proof_postgis] Running evidence snapshot immutability proof...
.................                                                        [100%]
=============================== warnings summary ===============================
.venv/lib/python3.11/site-packages/passlib/utils/__init__.py:854
  /Users/dawsonblock/Downloads/THE-JUDGE-main/JUDGE-main/backend/.venv/lib/python3.11/site-packages/passlib/utils/__init__.py:854: DeprecationWarning: 'crypt' is deprecated and slated for removal in Python 3.13
    from crypt import crypt as _crypt

-- Docs: https://docs.pytest.org/en/stable/how-to/capture-warnings.html
17 passed, 1 warning in 0.08s
[proof_postgis] PASS: evidence snapshot immutability test
[proof_postgis] Stage: cleanup
[proof_postgis] Cleanup: removing container 'judge_postgis_proof'
[proof_postgis] Cleanup: complete
[proof_postgis] PASS: PostGIS proof completed
[proof_postgis] Log saved to /Users/dawsonblock/Downloads/THE-JUDGE-main/JUDGE-main/scripts/../artifacts/proof/postgis_proof.log
=== backend pytest tail ===
........................................................................ [  3%]
........................................................................ [  6%]
........................................................................ [  9%]
........................................................................ [ 12%]
........................................................................ [ 15%]
........................................................................ [ 18%]
........................................................................ [ 21%]
........................................................................ [ 24%]
........................................................................ [ 27%]
........................................................................ [ 30%]
........................................................................ [ 33%]
........................................................................ [ 36%]
........................................................................ [ 39%]
........................................................................ [ 42%]
........................................................................ [ 45%]
........................................................................ [ 48%]
........................................................................ [ 51%]
........................................................................ [ 54%]
........................................................................ [ 57%]
........................................................................ [ 60%]
........................................................................ [ 63%]
........................................................................ [ 67%]
........................................................................ [ 70%]
........................................................................ [ 73%]
......................................................ssss.............. [ 76%]
........................................................................ [ 79%]
........................................................................ [ 82%]
........................................................................ [ 85%]
........................................................................ [ 88%]
........................................................................ [ 91%]
........................................................................ [ 94%]
........................................................................ [ 97%]
............................................................             [100%]
=============================== warnings summary ===============================
backend/.venv/lib/python3.11/site-packages/passlib/utils/__init__.py:854
  /Users/dawsonblock/Downloads/THE-JUDGE-main/JUDGE-main/backend/.venv/lib/python3.11/site-packages/passlib/utils/__init__.py:854: DeprecationWarning: 'crypt' is deprecated and slated for removal in Python 3.13
    from crypt import crypt as _crypt

app/tests/test_admin_security.py: 2 warnings
app/tests/test_ai_pipeline.py: 3 warnings
app/tests/test_api.py: 4 warnings
app/tests/test_outcomes_and_ingestion.py: 3 warnings
  /Users/dawsonblock/Downloads/THE-JUDGE-main/JUDGE-main/backend/app/auth/admin.py:241: DeprecationWarning: Shared-token admin authentication is deprecated and will be removed. Migrate to JWT authentication.
    actor = require_admin_token(x_jta_admin_token, authorization)

app/tests/test_admin_security.py::TestAdminActorIdentity::test_require_admin_token_returns_admin_actor
  /Users/dawsonblock/Downloads/THE-JUDGE-main/JUDGE-main/backend/app/tests/test_admin_security.py:246: DeprecationWarning: Shared-token admin authentication is deprecated and will be removed. Migrate to JWT authentication.
    else require_admin_token(x_jta_admin_token="test-secret-token")

app/tests/test_admin_security.py::TestAdminActorIdentity::test_actor_id_is_not_raw_token
  /Users/dawsonblock/Downloads/THE-JUDGE-main/JUDGE-main/backend/app/tests/test_admin_security.py:266: DeprecationWarning: Shared-token admin authentication is deprecated and will be removed. Migrate to JWT authentication.
    actor = require_admin_token(x_jta_admin_token="super-secret-value-12345")

app/tests/test_admin_security.py::TestAdminActorIdentity::test_actor_id_is_stable_label
  /Users/dawsonblock/Downloads/THE-JUDGE-main/JUDGE-main/backend/app/tests/test_admin_security.py:350: DeprecationWarning: Shared-token admin authentication is deprecated and will be removed. Migrate to JWT authentication.
    actor = require_admin_token(x_jta_admin_token="token-abc")

app/tests/test_api.py::test_admin_routes_accept_valid_token_and_use_pagination
app/tests/test_api.py::test_admin_routes_accept_valid_token_and_use_pagination
  /Users/dawsonblock/Downloads/THE-JUDGE-main/JUDGE-main/backend/app/security/import_authority.py:51: DeprecationWarning: Shared-token admin authentication is deprecated and will be removed. Migrate to JWT authentication.
    actor = require_admin_token(

app/tests/test_dependency_audit.py::test_runtime_package_importable[python-multipart-multipart]
  /Users/dawsonblock/.pyenv/versions/3.11.7/lib/python3.11/importlib/__init__.py:126: PendingDeprecationWarning: Please use `import python_multipart` instead.
    return _bootstrap._gcd_import(name[level:], package, level)

app/tests/test_legacy_shared_token_requires_opt_in.py::TestLegacySharedTokenRequiresOptIn::test_shared_token_allowed_only_with_local_opt_in
  /Users/dawsonblock/Downloads/THE-JUDGE-main/JUDGE-main/backend/app/tests/test_legacy_shared_token_requires_opt_in.py:44: DeprecationWarning: Shared-token import authentication is deprecated and will be removed. Migrate to JWT authentication.
    actor = require_admin_imports(x_jta_admin_token="test-token", authorization=None)

-- Docs: https://docs.pytest.org/en/stable/how-to/capture-warnings.html
2360 passed, 4 skipped, 20 warnings in 26.20s
