=== baseline 2026-05-10T19:59:32Z ===

-- git status --
 M artifacts/current_repo_baseline.md
 M artifacts/proof/current/CURRENT_PROOF.md
 M artifacts/proof/current/backend_pytest.log
 M artifacts/proof/current/docker_runtime_preflight.log
 M artifacts/proof/current/frontend_contracts.log
 M artifacts/proof/current/postgis_proof.log
 M artifacts/proof/current/public_api_boundary.log
 M artifacts/proof/current/release_gate.json
 M artifacts/proof/current/release_gate.log
 M artifacts/proof/current/verify_audit_chain.log
 M docs/REPAIR_BASELINE.md
 M docs/REPAIR_PROOF.md
 M scripts/release_gate.py
?? artifacts/proof/v24-doc-proof-cleanup/
?? artifacts/proof/v25-implementation-start/

-- current gate summary --
2:  "generated_at": "2026-05-10T19:58:37.338008+00:00",
4:  "alpha_gate_passed": true,
22:  "postgis_proof_result": "PASS",
217:  "failed_checks": [],

-- current proof header --
# CURRENT_PROOF

- generated_at_utc: 2026-05-10T19:58:37.338040+00:00
- commit_hash: ff224eb8ded34fed1ea82412fbc11dbbc39952d3
- alpha_gate_status: PASS
- alpha_gate_passed: true
- release_gate_check_count: 24
- docker_available: true
- postgis_proof_result: PASS

## Runtime Metadata

- gate_runner_python_version: 3.11.7
- gate_runner_python_executable: /Users/dawsonblock/Downloads/THE-JUDGE-main/JUDGE-main/backend/.venv/bin/python
- backend_test_python_version: 3.11.7
- backend_test_python_executable: /Users/dawsonblock/Downloads/THE-JUDGE-main/JUDGE-main/backend/.venv/bin/python
- backend_required_python: >=3.11
- node_version: v24.15.0
- npm_version: 11.12.1
- platform: macOS-26.2-arm64-arm-64bit
- test_database_backend: sqlite
- test_database_url_type: sqlite_file

## Scope and Safety

- Current status: proof-hardened alpha.
- Not ready for production deployment.
- Does not hold legal authority.
- Evidence snapshots are authoritative; memory is derivative.
- AI is reviewer assistance only.
- Source ingestion is disabled by default unless explicitly enabled.
- External folders are reference-only.
- JWT mutation authority is current; legacy shared-token compatibility is deprecated.
- make verify = local no-Docker quality checks.
- make release-proof-local = Docker/PostGIS alpha release gate.
- Current alpha release is blocked if Docker/PostGIS proof fails.

## Egress Proxy Coverage

- Production startup proxy policy coverage: backend/app/tests/test_production_fetch_egress_policy.py.
