=== Docker Verification Status — 20260502T0555 ===

Docker Desktop: Installed and running (containers visible from earlier ps)
Docker Version: 29.4.1
Context: desktop-linux

Issue Encountered:
- Docker CLI cannot connect to daemon socket at unix:///Users/dawsonblock/.docker/run/docker.sock
- Socket file does not exist at expected path
- This is a Docker Desktop environment issue, not a codebase issue

Attempted Actions:
1. Ran docker compose build - Encountered I/O error during frontend image build
2. Switched to default context - Socket not found at /var/run/docker.sock
3. Verified docker ps worked earlier (showed redis and esearch containers)

Conclusion:
Docker Desktop appears to be in a partial state. The docker-compose.yml and
Dockerfile files in the repository are correct and have been validated in
previous verification runs (see 20260429 logs).

Recommended:
- Restart Docker Desktop to restore socket connectivity
- Re-run: docker compose up --build

Note: Backend and Frontend verification passed completely. Only Docker smoke
test is blocked by environment issue.
