RELEASE GATE
check_no_pyc: PASS rc=0 dur=0.023s log=artifacts/proof/current/check_no_pyc.log
check_false_claims: PASS rc=0 dur=1.777s log=artifacts/proof/current/check_false_claims.log
check_source_keys: PASS rc=0 dur=0.24s log=artifacts/proof/current/check_source_keys.log
check_statuses: PASS rc=0 dur=0.203s log=artifacts/proof/current/check_statuses.log
check_no_direct_ingestion_network_clients: PASS rc=0 dur=0.311s log=artifacts/proof/current/check_no_direct_ingestion_network_clients.log
check_source_registry_docs: PASS rc=0 dur=0.737s log=artifacts/proof/current/check_source_registry_docs.log
check_external_boundaries: PASS rc=0 dur=0.711s log=artifacts/proof/current/check_external_boundaries.log
backend_compile: PASS rc=0 dur=0.089s log=artifacts/proof/current/backend_compile.log
backend_import: PASS rc=0 dur=0.763s log=artifacts/proof/current/backend_import.log
backend_pytest: PASS rc=0 dur=40.896s log=artifacts/proof/current/backend_pytest.log
check_migrations: PASS rc=0 dur=0.896s log=artifacts/proof/current/check_migrations.log
docker_runtime_preflight: PASS rc=0 dur=0.87s log=artifacts/proof/current/docker_runtime_preflight.log
postgis_proof: PASS rc=0 dur=14.051s log=artifacts/proof/current/postgis_proof.log
egress_proxy_proof: PASS rc=0 dur=5.641s log=artifacts/proof/current/egress_proxy_proof.log
demo_proof: PASS rc=0 dur=3.363s log=artifacts/proof/current/demo_proof.log
validate_sources: PASS rc=0 dur=0.326s log=artifacts/proof/current/validate_sources.log
source_registry_status: PASS rc=0 dur=0.521s log=artifacts/proof/current/source_registry_status.log
prepare_proof_db: PASS rc=0 dur=0.973s log=artifacts/proof/current/prepare_proof_db.log
verify_evidence_store: PASS rc=0 dur=0.322s log=artifacts/proof/current/verify_evidence_store.log
verify_audit_chain: PASS rc=0 dur=0.331s log=artifacts/proof/current/verify_audit_chain.log
auth_mutation_route_coverage: PASS rc=0 dur=1.167s log=artifacts/proof/current/auth_mutation_route_coverage.log
mutation_fail_closed_coverage: PASS rc=0 dur=1.265s log=artifacts/proof/current/mutation_fail_closed_coverage.log
frontend_node_gate: FAIL rc=1 dur=0.047s log=artifacts/proof/current/frontend_node_gate.log
frontend_install: BLOCKED rc=1 dur=0.0s log=artifacts/proof/current/frontend_install.log
frontend_lint: BLOCKED rc=1 dur=0.0s log=artifacts/proof/current/frontend_lint.log
frontend_typecheck: BLOCKED rc=1 dur=0.0s log=artifacts/proof/current/frontend_typecheck.log
frontend_contracts: BLOCKED rc=1 dur=0.0s log=artifacts/proof/current/frontend_contracts.log
frontend_build: BLOCKED rc=1 dur=0.0s log=artifacts/proof/current/frontend_build.log
check_api_contracts: PASS rc=0 dur=2.439s log=artifacts/proof/current/check_api_contracts.log
repo_generated_files: PASS rc=0 dur=0.045s log=artifacts/proof/current/repo_generated_files.log
check_npm_audit_triage: PASS rc=0 dur=1.276s log=artifacts/proof/current/check_npm_audit_triage.log
map_route_check: PASS rc=0 dur=1.164s log=artifacts/proof/current/map_route_check.log
public_api_boundary: PASS rc=0 dur=2.356s log=artifacts/proof/current/public_api_boundary.log
proof_freshness: PASS rc=0 dur=2.698s log=artifacts/proof/current/proof_freshness.log
alpha_gate_passed=false
